{"/home/vaxeng/Downloads/API/server.js": {"path":"/home/vaxeng/Downloads/API/server.js","statementMap":{"0":{"start":{"line":1,"column":16},"end":{"line":1,"column":34}},"1":{"start":{"line":2,"column":12},"end":{"line":2,"column":21}},"2":{"start":{"line":4,"column":21},"end":{"line":4,"column":45}},"3":{"start":{"line":5,"column":18},"end":{"line":5,"column":47}},"4":{"start":{"line":7,"column":14},"end":{"line":7,"column":44}},"5":{"start":{"line":8,"column":0},"end":{"line":8,"column":48}},"6":{"start":{"line":9,"column":0},"end":{"line":9,"column":24}},"7":{"start":{"line":12,"column":0},"end":{"line":20,"column":3}},"8":{"start":{"line":13,"column":2},"end":{"line":15,"column":3}},"9":{"start":{"line":14,"column":4},"end":{"line":14,"column":33}},"10":{"start":{"line":17,"column":2},"end":{"line":19,"column":3}},"11":{"start":{"line":18,"column":4},"end":{"line":18,"column":29}},"12":{"start":{"line":24,"column":16},"end":{"line":24,"column":61}},"13":{"start":{"line":25,"column":16},"end":{"line":25,"column":61}},"14":{"start":{"line":26,"column":15},"end":{"line":26,"column":59}},"15":{"start":{"line":27,"column":20},"end":{"line":27,"column":69}},"16":{"start":{"line":28,"column":20},"end":{"line":28,"column":69}},"17":{"start":{"line":29,"column":21},"end":{"line":29,"column":71}},"18":{"start":{"line":30,"column":15},"end":{"line":30,"column":59}},"19":{"start":{"line":31,"column":16},"end":{"line":31,"column":61}},"20":{"start":{"line":32,"column":14},"end":{"line":32,"column":57}},"21":{"start":{"line":33,"column":13},"end":{"line":33,"column":55}},"22":{"start":{"line":34,"column":13},"end":{"line":34,"column":55}},"23":{"start":{"line":36,"column":12},"end":{"line":36,"column":55}},"24":{"start":{"line":37,"column":13},"end":{"line":37,"column":57}},"25":{"start":{"line":40,"column":28},"end":{"line":40,"column":87}},"26":{"start":{"line":41,"column":31},"end":{"line":41,"column":94}},"27":{"start":{"line":42,"column":21},"end":{"line":42,"column":80}},"28":{"start":{"line":43,"column":20},"end":{"line":43,"column":71}},"29":{"start":{"line":44,"column":28},"end":{"line":44,"column":87}},"30":{"start":{"line":45,"column":16},"end":{"line":45,"column":63}},"31":{"start":{"line":46,"column":20},"end":{"line":46,"column":71}},"32":{"start":{"line":47,"column":17},"end":{"line":47,"column":65}},"33":{"start":{"line":48,"column":21},"end":{"line":48,"column":73}},"34":{"start":{"line":49,"column":19},"end":{"line":49,"column":65}},"35":{"start":{"line":50,"column":23},"end":{"line":50,"column":77}},"36":{"start":{"line":51,"column":30},"end":{"line":51,"column":91}},"37":{"start":{"line":52,"column":27},"end":{"line":52,"column":85}},"38":{"start":{"line":55,"column":21},"end":{"line":55,"column":45}},"39":{"start":{"line":57,"column":0},"end":{"line":57,"column":35}},"40":{"start":{"line":59,"column":0},"end":{"line":59,"column":21}},"41":{"start":{"line":60,"column":0},"end":{"line":60,"column":21}},"42":{"start":{"line":61,"column":0},"end":{"line":61,"column":20}},"43":{"start":{"line":62,"column":0},"end":{"line":62,"column":25}},"44":{"start":{"line":63,"column":0},"end":{"line":63,"column":25}},"45":{"start":{"line":64,"column":0},"end":{"line":64,"column":26}},"46":{"start":{"line":65,"column":0},"end":{"line":65,"column":17}},"47":{"start":{"line":66,"column":0},"end":{"line":66,"column":18}},"48":{"start":{"line":67,"column":0},"end":{"line":67,"column":20}},"49":{"start":{"line":68,"column":0},"end":{"line":68,"column":21}},"50":{"start":{"line":69,"column":0},"end":{"line":69,"column":19}},"51":{"start":{"line":70,"column":0},"end":{"line":70,"column":18}},"52":{"start":{"line":71,"column":0},"end":{"line":71,"column":18}},"53":{"start":{"line":72,"column":0},"end":{"line":72,"column":33}},"54":{"start":{"line":73,"column":0},"end":{"line":73,"column":36}},"55":{"start":{"line":74,"column":0},"end":{"line":74,"column":26}},"56":{"start":{"line":75,"column":0},"end":{"line":75,"column":25}},"57":{"start":{"line":76,"column":0},"end":{"line":76,"column":33}},"58":{"start":{"line":77,"column":0},"end":{"line":77,"column":20}},"59":{"start":{"line":78,"column":0},"end":{"line":78,"column":24}},"60":{"start":{"line":79,"column":0},"end":{"line":79,"column":21}},"61":{"start":{"line":80,"column":0},"end":{"line":80,"column":25}},"62":{"start":{"line":81,"column":0},"end":{"line":81,"column":23}},"63":{"start":{"line":82,"column":0},"end":{"line":82,"column":27}},"64":{"start":{"line":83,"column":0},"end":{"line":83,"column":34}},"65":{"start":{"line":84,"column":0},"end":{"line":84,"column":31}},"66":{"start":{"line":86,"column":15},"end":{"line":105,"column":1}},"67":{"start":{"line":107,"column":20},"end":{"line":107,"column":40}},"68":{"start":{"line":108,"column":0},"end":{"line":108,"column":67}},"69":{"start":{"line":110,"column":0},"end":{"line":112,"column":2}},"70":{"start":{"line":111,"column":0},"end":{"line":111,"column":23}},"71":{"start":{"line":115,"column":13},"end":{"line":115,"column":37}},"72":{"start":{"line":117,"column":0},"end":{"line":117,"column":63}},"73":{"start":{"line":118,"column":0},"end":{"line":118,"column":21}}},"fnMap":{"0":{"name":"(anonymous_0)","decl":{"start":{"line":12,"column":14},"end":{"line":12,"column":15}},"loc":{"start":{"line":12,"column":29},"end":{"line":20,"column":1}},"line":12},"1":{"name":"(anonymous_1)","decl":{"start":{"line":110,"column":13},"end":{"line":110,"column":14}},"loc":{"start":{"line":110,"column":26},"end":{"line":112,"column":1}},"line":110}},"branchMap":{"0":{"loc":{"start":{"line":13,"column":2},"end":{"line":15,"column":3}},"type":"if","locations":[{"start":{"line":13,"column":2},"end":{"line":15,"column":3}},{"start":{"line":13,"column":2},"end":{"line":15,"column":3}}],"line":13},"1":{"loc":{"start":{"line":17,"column":2},"end":{"line":19,"column":3}},"type":"if","locations":[{"start":{"line":17,"column":2},"end":{"line":19,"column":3}},{"start":{"line":17,"column":2},"end":{"line":19,"column":3}}],"line":17},"2":{"loc":{"start":{"line":115,"column":13},"end":{"line":115,"column":37}},"type":"binary-expr","locations":[{"start":{"line":115,"column":13},"end":{"line":115,"column":29}},{"start":{"line":115,"column":33},"end":{"line":115,"column":37}}],"line":115}},"s":{"0":24,"1":24,"2":24,"3":24,"4":24,"5":24,"6":24,"7":24,"8":22,"9":0,"10":22,"11":22,"12":24,"13":24,"14":24,"15":24,"16":24,"17":24,"18":24,"19":24,"20":24,"21":24,"22":24,"23":24,"24":24,"25":24,"26":24,"27":24,"28":24,"29":24,"30":24,"31":24,"32":24,"33":24,"34":24,"35":24,"36":24,"37":24,"38":24,"39":24,"40":24,"41":24,"42":24,"43":24,"44":24,"45":24,"46":24,"47":24,"48":24,"49":24,"50":24,"51":24,"52":24,"53":24,"54":24,"55":24,"56":24,"57":24,"58":24,"59":24,"60":24,"61":24,"62":24,"63":24,"64":24,"65":24,"66":24,"67":24,"68":24,"69":24,"70":0,"71":24,"72":24,"73":24},"f":{"0":22,"1":0},"b":{"0":[0,22],"1":[22,0],"2":[24,24]},"_coverageSchema":"1a1c01bbd47fc00a2c39e90264f33305004495a9","hash":"22d59a26a66a6ddc9addb059b2d26069d799fc12"}
,"/home/vaxeng/Downloads/API/controllers/CRUD.controllers/brance.controller.js": {"path":"/home/vaxeng/Downloads/API/controllers/CRUD.controllers/brance.controller.js","statementMap":{"0":{"start":{"line":2,"column":14},"end":{"line":2,"column":48}},"1":{"start":{"line":6,"column":0},"end":{"line":24,"column":1}},"2":{"start":{"line":8,"column":4},"end":{"line":23,"column":5}},"3":{"start":{"line":9,"column":70},"end":{"line":9,"column":78}},"4":{"start":{"line":11,"column":8},"end":{"line":20,"column":11}},"5":{"start":{"line":14,"column":12},"end":{"line":19,"column":13}},"6":{"start":{"line":15,"column":16},"end":{"line":15,"column":55}},"7":{"start":{"line":18,"column":16},"end":{"line":18,"column":32}},"8":{"start":{"line":22,"column":8},"end":{"line":22,"column":54}},"9":{"start":{"line":28,"column":0},"end":{"line":47,"column":1}},"10":{"start":{"line":30,"column":4},"end":{"line":45,"column":5}},"11":{"start":{"line":31,"column":27},"end":{"line":31,"column":48}},"12":{"start":{"line":32,"column":8},"end":{"line":42,"column":10}},"13":{"start":{"line":36,"column":12},"end":{"line":41,"column":13}},"14":{"start":{"line":37,"column":17},"end":{"line":37,"column":34}},"15":{"start":{"line":40,"column":16},"end":{"line":40,"column":32}},"16":{"start":{"line":44,"column":8},"end":{"line":44,"column":54}},"17":{"start":{"line":50,"column":0},"end":{"line":69,"column":1}},"18":{"start":{"line":52,"column":4},"end":{"line":68,"column":5}},"19":{"start":{"line":53,"column":70},"end":{"line":53,"column":78}},"20":{"start":{"line":55,"column":6},"end":{"line":65,"column":15}},"21":{"start":{"line":59,"column":16},"end":{"line":64,"column":17}},"22":{"start":{"line":60,"column":20},"end":{"line":60,"column":37}},"23":{"start":{"line":63,"column":20},"end":{"line":63,"column":78}},"24":{"start":{"line":67,"column":8},"end":{"line":67,"column":54}},"25":{"start":{"line":73,"column":0},"end":{"line":94,"column":1}},"26":{"start":{"line":75,"column":4},"end":{"line":93,"column":5}},"27":{"start":{"line":76,"column":26},"end":{"line":76,"column":46}},"28":{"start":{"line":78,"column":8},"end":{"line":80,"column":9}},"29":{"start":{"line":79,"column":12},"end":{"line":79,"column":93}},"30":{"start":{"line":82,"column":8},"end":{"line":90,"column":10}},"31":{"start":{"line":84,"column":12},"end":{"line":89,"column":13}},"32":{"start":{"line":85,"column":16},"end":{"line":85,"column":27}},"33":{"start":{"line":88,"column":16},"end":{"line":88,"column":32}},"34":{"start":{"line":92,"column":8},"end":{"line":92,"column":54}}},"fnMap":{"0":{"name":"(anonymous_0)","decl":{"start":{"line":6,"column":23},"end":{"line":6,"column":24}},"loc":{"start":{"line":6,"column":37},"end":{"line":24,"column":1}},"line":6},"1":{"name":"(anonymous_1)","decl":{"start":{"line":12,"column":81},"end":{"line":12,"column":82}},"loc":{"start":{"line":12,"column":100},"end":{"line":20,"column":9}},"line":12},"2":{"name":"(anonymous_2)","decl":{"start":{"line":28,"column":20},"end":{"line":28,"column":21}},"loc":{"start":{"line":28,"column":34},"end":{"line":47,"column":1}},"line":28},"3":{"name":"(anonymous_3)","decl":{"start":{"line":35,"column":8},"end":{"line":35,"column":9}},"loc":{"start":{"line":35,"column":27},"end":{"line":42,"column":9}},"line":35},"4":{"name":"(anonymous_4)","decl":{"start":{"line":50,"column":23},"end":{"line":50,"column":24}},"loc":{"start":{"line":50,"column":37},"end":{"line":69,"column":1}},"line":50},"5":{"name":"(anonymous_5)","decl":{"start":{"line":57,"column":67},"end":{"line":57,"column":68}},"loc":{"start":{"line":57,"column":86},"end":{"line":65,"column":13}},"line":57},"6":{"name":"(anonymous_6)","decl":{"start":{"line":73,"column":23},"end":{"line":73,"column":24}},"loc":{"start":{"line":73,"column":37},"end":{"line":94,"column":1}},"line":73},"7":{"name":"(anonymous_7)","decl":{"start":{"line":82,"column":93},"end":{"line":82,"column":94}},"loc":{"start":{"line":82,"column":112},"end":{"line":90,"column":9}},"line":82}},"branchMap":{"0":{"loc":{"start":{"line":14,"column":12},"end":{"line":19,"column":13}},"type":"if","locations":[{"start":{"line":14,"column":12},"end":{"line":19,"column":13}},{"start":{"line":14,"column":12},"end":{"line":19,"column":13}}],"line":14},"1":{"loc":{"start":{"line":36,"column":12},"end":{"line":41,"column":13}},"type":"if","locations":[{"start":{"line":36,"column":12},"end":{"line":41,"column":13}},{"start":{"line":36,"column":12},"end":{"line":41,"column":13}}],"line":36},"2":{"loc":{"start":{"line":59,"column":16},"end":{"line":64,"column":17}},"type":"if","locations":[{"start":{"line":59,"column":16},"end":{"line":64,"column":17}},{"start":{"line":59,"column":16},"end":{"line":64,"column":17}}],"line":59},"3":{"loc":{"start":{"line":78,"column":8},"end":{"line":80,"column":9}},"type":"if","locations":[{"start":{"line":78,"column":8},"end":{"line":80,"column":9}},{"start":{"line":78,"column":8},"end":{"line":80,"column":9}}],"line":78},"4":{"loc":{"start":{"line":84,"column":12},"end":{"line":89,"column":13}},"type":"if","locations":[{"start":{"line":84,"column":12},"end":{"line":89,"column":13}},{"start":{"line":84,"column":12},"end":{"line":89,"column":13}}],"line":84}},"s":{"0":24,"1":24,"2":1,"3":1,"4":1,"5":1,"6":0,"7":1,"8":0,"9":24,"10":1,"11":1,"12":1,"13":1,"14":0,"15":1,"16":0,"17":24,"18":1,"19":1,"20":1,"21":1,"22":0,"23":1,"24":0,"25":24,"26":1,"27":1,"28":1,"29":0,"30":1,"31":1,"32":0,"33":1,"34":0},"f":{"0":1,"1":1,"2":1,"3":1,"4":1,"5":1,"6":1,"7":1},"b":{"0":[0,1],"1":[0,1],"2":[0,1],"3":[0,1],"4":[0,1]},"_coverageSchema":"1a1c01bbd47fc00a2c39e90264f33305004495a9","hash":"6775b87c302edc37173cbd756a4f5d7077632358"}
,"/home/vaxeng/Downloads/API/controllers/CRUD.controllers/company.controller.js": {"path":"/home/vaxeng/Downloads/API/controllers/CRUD.controllers/company.controller.js","statementMap":{"0":{"start":{"line":2,"column":14},"end":{"line":2,"column":48}},"1":{"start":{"line":7,"column":0},"end":{"line":27,"column":1}},"2":{"start":{"line":9,"column":4},"end":{"line":26,"column":5}},"3":{"start":{"line":11,"column":82},"end":{"line":11,"column":90}},"4":{"start":{"line":13,"column":4},"end":{"line":22,"column":11}},"5":{"start":{"line":17,"column":12},"end":{"line":21,"column":77}},"6":{"start":{"line":19,"column":15},"end":{"line":19,"column":32}},"7":{"start":{"line":21,"column":16},"end":{"line":21,"column":77}},"8":{"start":{"line":25,"column":8},"end":{"line":25,"column":64}},"9":{"start":{"line":29,"column":0},"end":{"line":47,"column":1}},"10":{"start":{"line":31,"column":4},"end":{"line":46,"column":5}},"11":{"start":{"line":32,"column":4},"end":{"line":42,"column":11}},"12":{"start":{"line":34,"column":12},"end":{"line":41,"column":13}},"13":{"start":{"line":36,"column":16},"end":{"line":36,"column":33}},"14":{"start":{"line":40,"column":13},"end":{"line":40,"column":29}},"15":{"start":{"line":45,"column":4},"end":{"line":45,"column":60}},"16":{"start":{"line":49,"column":0},"end":{"line":68,"column":1}},"17":{"start":{"line":51,"column":4},"end":{"line":67,"column":5}},"18":{"start":{"line":53,"column":82},"end":{"line":53,"column":90}},"19":{"start":{"line":55,"column":4},"end":{"line":64,"column":11}},"20":{"start":{"line":59,"column":12},"end":{"line":63,"column":71}},"21":{"start":{"line":61,"column":15},"end":{"line":61,"column":32}},"22":{"start":{"line":63,"column":17},"end":{"line":63,"column":71}},"23":{"start":{"line":66,"column":8},"end":{"line":66,"column":64}}},"fnMap":{"0":{"name":"(anonymous_0)","decl":{"start":{"line":7,"column":24},"end":{"line":7,"column":25}},"loc":{"start":{"line":7,"column":36},"end":{"line":27,"column":1}},"line":7},"1":{"name":"(anonymous_1)","decl":{"start":{"line":15,"column":65},"end":{"line":15,"column":66}},"loc":{"start":{"line":15,"column":83},"end":{"line":22,"column":9}},"line":15},"2":{"name":"(anonymous_2)","decl":{"start":{"line":29,"column":21},"end":{"line":29,"column":22}},"loc":{"start":{"line":29,"column":33},"end":{"line":47,"column":1}},"line":29},"3":{"name":"(anonymous_3)","decl":{"start":{"line":32,"column":42},"end":{"line":32,"column":43}},"loc":{"start":{"line":32,"column":60},"end":{"line":42,"column":9}},"line":32},"4":{"name":"(anonymous_4)","decl":{"start":{"line":49,"column":24},"end":{"line":49,"column":25}},"loc":{"start":{"line":49,"column":36},"end":{"line":68,"column":1}},"line":49},"5":{"name":"(anonymous_5)","decl":{"start":{"line":57,"column":76},"end":{"line":57,"column":77}},"loc":{"start":{"line":57,"column":94},"end":{"line":64,"column":9}},"line":57}},"branchMap":{"0":{"loc":{"start":{"line":17,"column":12},"end":{"line":21,"column":77}},"type":"if","locations":[{"start":{"line":17,"column":12},"end":{"line":21,"column":77}},{"start":{"line":17,"column":12},"end":{"line":21,"column":77}}],"line":17},"1":{"loc":{"start":{"line":34,"column":12},"end":{"line":41,"column":13}},"type":"if","locations":[{"start":{"line":34,"column":12},"end":{"line":41,"column":13}},{"start":{"line":34,"column":12},"end":{"line":41,"column":13}}],"line":34},"2":{"loc":{"start":{"line":59,"column":12},"end":{"line":63,"column":71}},"type":"if","locations":[{"start":{"line":59,"column":12},"end":{"line":63,"column":71}},{"start":{"line":59,"column":12},"end":{"line":63,"column":71}}],"line":59}},"s":{"0":24,"1":24,"2":0,"3":0,"4":0,"5":0,"6":0,"7":0,"8":0,"9":24,"10":0,"11":0,"12":0,"13":0,"14":0,"15":0,"16":24,"17":0,"18":0,"19":0,"20":0,"21":0,"22":0,"23":0},"f":{"0":0,"1":0,"2":0,"3":0,"4":0,"5":0},"b":{"0":[0,0],"1":[0,0],"2":[0,0]},"_coverageSchema":"1a1c01bbd47fc00a2c39e90264f33305004495a9","hash":"256a98c12f9259fd9cdd8d8ed58c976c439b0e74"}
,"/home/vaxeng/Downloads/API/controllers/CRUD.controllers/installment.controller.js": {"path":"/home/vaxeng/Downloads/API/controllers/CRUD.controllers/installment.controller.js","statementMap":{"0":{"start":{"line":2,"column":14},"end":{"line":2,"column":48}},"1":{"start":{"line":6,"column":0},"end":{"line":24,"column":1}},"2":{"start":{"line":8,"column":4},"end":{"line":23,"column":6}},"3":{"start":{"line":9,"column":28},"end":{"line":9,"column":48}},"4":{"start":{"line":11,"column":8},"end":{"line":13,"column":9}},"5":{"start":{"line":12,"column":12},"end":{"line":12,"column":97}},"6":{"start":{"line":15,"column":8},"end":{"line":20,"column":10}},"7":{"start":{"line":17,"column":12},"end":{"line":19,"column":53}},"8":{"start":{"line":17,"column":25},"end":{"line":17,"column":78}},"9":{"start":{"line":19,"column":17},"end":{"line":19,"column":53}},"10":{"start":{"line":22,"column":7},"end":{"line":22,"column":53}},"11":{"start":{"line":28,"column":0},"end":{"line":48,"column":1}},"12":{"start":{"line":30,"column":4},"end":{"line":47,"column":5}},"13":{"start":{"line":31,"column":26},"end":{"line":31,"column":46}},"14":{"start":{"line":32,"column":8},"end":{"line":43,"column":10}},"15":{"start":{"line":39,"column":12},"end":{"line":42,"column":53}},"16":{"start":{"line":40,"column":16},"end":{"line":40,"column":63}},"17":{"start":{"line":42,"column":17},"end":{"line":42,"column":53}},"18":{"start":{"line":46,"column":8},"end":{"line":46,"column":54}}},"fnMap":{"0":{"name":"(anonymous_0)","decl":{"start":{"line":6,"column":28},"end":{"line":6,"column":29}},"loc":{"start":{"line":6,"column":42},"end":{"line":24,"column":1}},"line":6},"1":{"name":"(anonymous_1)","decl":{"start":{"line":15,"column":89},"end":{"line":15,"column":90}},"loc":{"start":{"line":15,"column":108},"end":{"line":20,"column":9}},"line":15},"2":{"name":"(anonymous_2)","decl":{"start":{"line":28,"column":25},"end":{"line":28,"column":26}},"loc":{"start":{"line":28,"column":39},"end":{"line":48,"column":1}},"line":28},"3":{"name":"(anonymous_3)","decl":{"start":{"line":38,"column":48},"end":{"line":38,"column":49}},"loc":{"start":{"line":38,"column":67},"end":{"line":43,"column":9}},"line":38}},"branchMap":{"0":{"loc":{"start":{"line":11,"column":8},"end":{"line":13,"column":9}},"type":"if","locations":[{"start":{"line":11,"column":8},"end":{"line":13,"column":9}},{"start":{"line":11,"column":8},"end":{"line":13,"column":9}}],"line":11},"1":{"loc":{"start":{"line":17,"column":12},"end":{"line":19,"column":53}},"type":"if","locations":[{"start":{"line":17,"column":12},"end":{"line":19,"column":53}},{"start":{"line":17,"column":12},"end":{"line":19,"column":53}}],"line":17},"2":{"loc":{"start":{"line":39,"column":12},"end":{"line":42,"column":53}},"type":"if","locations":[{"start":{"line":39,"column":12},"end":{"line":42,"column":53}},{"start":{"line":39,"column":12},"end":{"line":42,"column":53}}],"line":39}},"s":{"0":24,"1":24,"2":2,"3":2,"4":2,"5":1,"6":1,"7":1,"8":1,"9":0,"10":0,"11":24,"12":1,"13":1,"14":1,"15":1,"16":1,"17":0,"18":0},"f":{"0":2,"1":1,"2":1,"3":1},"b":{"0":[1,1],"1":[1,0],"2":[1,0]},"_coverageSchema":"1a1c01bbd47fc00a2c39e90264f33305004495a9","hash":"60ef7b63f9fa5fa3ce6f50184a302d8e891674c0"}
,"/home/vaxeng/Downloads/API/controllers/CRUD.controllers/lottery.controller.js": {"path":"/home/vaxeng/Downloads/API/controllers/CRUD.controllers/lottery.controller.js","statementMap":{"0":{"start":{"line":2,"column":21},"end":{"line":2,"column":55}},"1":{"start":{"line":3,"column":14},"end":{"line":3,"column":48}},"2":{"start":{"line":6,"column":0},"end":{"line":43,"column":1}},"3":{"start":{"line":8,"column":4},"end":{"line":42,"column":5}},"4":{"start":{"line":9,"column":110},"end":{"line":9,"column":118}},"5":{"start":{"line":11,"column":8},"end":{"line":13,"column":9}},"6":{"start":{"line":12,"column":12},"end":{"line":12,"column":85}},"7":{"start":{"line":16,"column":8},"end":{"line":38,"column":10}},"8":{"start":{"line":18,"column":12},"end":{"line":37,"column":13}},"9":{"start":{"line":19,"column":16},"end":{"line":31,"column":17}},"10":{"start":{"line":20,"column":20},"end":{"line":27,"column":26}},"11":{"start":{"line":23,"column":28},"end":{"line":25,"column":83}},"12":{"start":{"line":23,"column":39},"end":{"line":23,"column":75}},"13":{"start":{"line":25,"column":32},"end":{"line":25,"column":83}},"14":{"start":{"line":30,"column":20},"end":{"line":30,"column":122}},"15":{"start":{"line":36,"column":16},"end":{"line":36,"column":52}},"16":{"start":{"line":41,"column":8},"end":{"line":41,"column":54}},"17":{"start":{"line":47,"column":0},"end":{"line":67,"column":1}},"18":{"start":{"line":49,"column":4},"end":{"line":66,"column":5}},"19":{"start":{"line":50,"column":27},"end":{"line":50,"column":48}},"20":{"start":{"line":52,"column":8},"end":{"line":54,"column":9}},"21":{"start":{"line":53,"column":12},"end":{"line":53,"column":94}},"22":{"start":{"line":56,"column":8},"end":{"line":63,"column":14}},"23":{"start":{"line":59,"column":16},"end":{"line":61,"column":17}},"24":{"start":{"line":60,"column":20},"end":{"line":60,"column":57}},"25":{"start":{"line":62,"column":16},"end":{"line":62,"column":82}},"26":{"start":{"line":65,"column":8},"end":{"line":65,"column":54}},"27":{"start":{"line":71,"column":0},"end":{"line":93,"column":1}},"28":{"start":{"line":73,"column":4},"end":{"line":92,"column":5}},"29":{"start":{"line":74,"column":110},"end":{"line":74,"column":118}},"30":{"start":{"line":76,"column":8},"end":{"line":79,"column":9}},"31":{"start":{"line":78,"column":12},"end":{"line":78,"column":94}},"32":{"start":{"line":81,"column":8},"end":{"line":89,"column":14}},"33":{"start":{"line":85,"column":16},"end":{"line":88,"column":77}},"34":{"start":{"line":86,"column":20},"end":{"line":86,"column":57}},"35":{"start":{"line":88,"column":20},"end":{"line":88,"column":77}},"36":{"start":{"line":91,"column":8},"end":{"line":91,"column":54}},"37":{"start":{"line":95,"column":0},"end":{"line":109,"column":1}},"38":{"start":{"line":96,"column":22},"end":{"line":96,"column":42}},"39":{"start":{"line":97,"column":4},"end":{"line":108,"column":6}},"40":{"start":{"line":106,"column":8},"end":{"line":107,"column":58}},"41":{"start":{"line":106,"column":19},"end":{"line":106,"column":30}},"42":{"start":{"line":107,"column":14},"end":{"line":107,"column":58}}},"fnMap":{"0":{"name":"(anonymous_0)","decl":{"start":{"line":6,"column":24},"end":{"line":6,"column":25}},"loc":{"start":{"line":6,"column":38},"end":{"line":43,"column":1}},"line":6},"1":{"name":"(anonymous_1)","decl":{"start":{"line":16,"column":88},"end":{"line":16,"column":89}},"loc":{"start":{"line":16,"column":105},"end":{"line":38,"column":9}},"line":16},"2":{"name":"(anonymous_2)","decl":{"start":{"line":21,"column":120},"end":{"line":21,"column":121}},"loc":{"start":{"line":21,"column":137},"end":{"line":27,"column":25}},"line":21},"3":{"name":"(anonymous_3)","decl":{"start":{"line":47,"column":24},"end":{"line":47,"column":25}},"loc":{"start":{"line":47,"column":38},"end":{"line":67,"column":1}},"line":47},"4":{"name":"(anonymous_4)","decl":{"start":{"line":57,"column":12},"end":{"line":57,"column":13}},"loc":{"start":{"line":57,"column":32},"end":{"line":63,"column":13}},"line":57},"5":{"name":"(anonymous_5)","decl":{"start":{"line":71,"column":24},"end":{"line":71,"column":25}},"loc":{"start":{"line":71,"column":38},"end":{"line":93,"column":1}},"line":71},"6":{"name":"(anonymous_6)","decl":{"start":{"line":84,"column":12},"end":{"line":84,"column":13}},"loc":{"start":{"line":84,"column":32},"end":{"line":89,"column":13}},"line":84},"7":{"name":"(anonymous_7)","decl":{"start":{"line":95,"column":14},"end":{"line":95,"column":15}},"loc":{"start":{"line":95,"column":28},"end":{"line":109,"column":1}},"line":95},"8":{"name":"(anonymous_8)","decl":{"start":{"line":105,"column":7},"end":{"line":105,"column":8}},"loc":{"start":{"line":105,"column":24},"end":{"line":108,"column":5}},"line":105}},"branchMap":{"0":{"loc":{"start":{"line":11,"column":8},"end":{"line":13,"column":9}},"type":"if","locations":[{"start":{"line":11,"column":8},"end":{"line":13,"column":9}},{"start":{"line":11,"column":8},"end":{"line":13,"column":9}}],"line":11},"1":{"loc":{"start":{"line":18,"column":12},"end":{"line":37,"column":13}},"type":"if","locations":[{"start":{"line":18,"column":12},"end":{"line":37,"column":13}},{"start":{"line":18,"column":12},"end":{"line":37,"column":13}}],"line":18},"2":{"loc":{"start":{"line":19,"column":16},"end":{"line":31,"column":17}},"type":"if","locations":[{"start":{"line":19,"column":16},"end":{"line":31,"column":17}},{"start":{"line":19,"column":16},"end":{"line":31,"column":17}}],"line":19},"3":{"loc":{"start":{"line":19,"column":20},"end":{"line":19,"column":63}},"type":"binary-expr","locations":[{"start":{"line":19,"column":20},"end":{"line":19,"column":42}},{"start":{"line":19,"column":46},"end":{"line":19,"column":63}}],"line":19},"4":{"loc":{"start":{"line":23,"column":28},"end":{"line":25,"column":83}},"type":"if","locations":[{"start":{"line":23,"column":28},"end":{"line":25,"column":83}},{"start":{"line":23,"column":28},"end":{"line":25,"column":83}}],"line":23},"5":{"loc":{"start":{"line":52,"column":8},"end":{"line":54,"column":9}},"type":"if","locations":[{"start":{"line":52,"column":8},"end":{"line":54,"column":9}},{"start":{"line":52,"column":8},"end":{"line":54,"column":9}}],"line":52},"6":{"loc":{"start":{"line":59,"column":16},"end":{"line":61,"column":17}},"type":"if","locations":[{"start":{"line":59,"column":16},"end":{"line":61,"column":17}},{"start":{"line":59,"column":16},"end":{"line":61,"column":17}}],"line":59},"7":{"loc":{"start":{"line":76,"column":8},"end":{"line":79,"column":9}},"type":"if","locations":[{"start":{"line":76,"column":8},"end":{"line":79,"column":9}},{"start":{"line":76,"column":8},"end":{"line":79,"column":9}}],"line":76},"8":{"loc":{"start":{"line":85,"column":16},"end":{"line":88,"column":77}},"type":"if","locations":[{"start":{"line":85,"column":16},"end":{"line":88,"column":77}},{"start":{"line":85,"column":16},"end":{"line":88,"column":77}}],"line":85},"9":{"loc":{"start":{"line":106,"column":8},"end":{"line":107,"column":58}},"type":"if","locations":[{"start":{"line":106,"column":8},"end":{"line":107,"column":58}},{"start":{"line":106,"column":8},"end":{"line":107,"column":58}}],"line":106}},"s":{"0":24,"1":24,"2":24,"3":1,"4":1,"5":1,"6":0,"7":1,"8":1,"9":1,"10":0,"11":0,"12":0,"13":0,"14":1,"15":0,"16":0,"17":24,"18":2,"19":2,"20":2,"21":0,"22":2,"23":2,"24":0,"25":2,"26":0,"27":24,"28":1,"29":1,"30":1,"31":0,"32":1,"33":1,"34":0,"35":1,"36":0,"37":24,"38":1,"39":1,"40":1,"41":0,"42":1},"f":{"0":1,"1":1,"2":0,"3":2,"4":2,"5":1,"6":1,"7":1,"8":1},"b":{"0":[0,1],"1":[1,0],"2":[0,1],"3":[1,1],"4":[0,0],"5":[0,2],"6":[0,2],"7":[0,1],"8":[0,1],"9":[0,1]},"_coverageSchema":"1a1c01bbd47fc00a2c39e90264f33305004495a9","hash":"21a0fadc6d88da88d9b23ed4ff34599cbbc8432b"}
,"/home/vaxeng/Downloads/API/controllers/CRUD.controllers/lottery_out.controller.js": {"path":"/home/vaxeng/Downloads/API/controllers/CRUD.controllers/lottery_out.controller.js","statementMap":{"0":{"start":{"line":2,"column":14},"end":{"line":2,"column":48}},"1":{"start":{"line":6,"column":0},"end":{"line":23,"column":1}},"2":{"start":{"line":8,"column":4},"end":{"line":22,"column":5}},"3":{"start":{"line":9,"column":27},"end":{"line":9,"column":48}},"4":{"start":{"line":11,"column":8},"end":{"line":13,"column":9}},"5":{"start":{"line":12,"column":12},"end":{"line":12,"column":82}},"6":{"start":{"line":14,"column":8},"end":{"line":19,"column":10}},"7":{"start":{"line":16,"column":12},"end":{"line":18,"column":34}},"8":{"start":{"line":17,"column":16},"end":{"line":17,"column":71}},"9":{"start":{"line":18,"column":17},"end":{"line":18,"column":34}},"10":{"start":{"line":21,"column":8},"end":{"line":21,"column":54}}},"fnMap":{"0":{"name":"(anonymous_0)","decl":{"start":{"line":6,"column":26},"end":{"line":6,"column":27}},"loc":{"start":{"line":6,"column":40},"end":{"line":23,"column":1}},"line":6},"1":{"name":"(anonymous_1)","decl":{"start":{"line":14,"column":117},"end":{"line":14,"column":118}},"loc":{"start":{"line":14,"column":137},"end":{"line":19,"column":9}},"line":14}},"branchMap":{"0":{"loc":{"start":{"line":11,"column":8},"end":{"line":13,"column":9}},"type":"if","locations":[{"start":{"line":11,"column":8},"end":{"line":13,"column":9}},{"start":{"line":11,"column":8},"end":{"line":13,"column":9}}],"line":11},"1":{"loc":{"start":{"line":16,"column":12},"end":{"line":18,"column":34}},"type":"if","locations":[{"start":{"line":16,"column":12},"end":{"line":18,"column":34}},{"start":{"line":16,"column":12},"end":{"line":18,"column":34}}],"line":16}},"s":{"0":24,"1":24,"2":0,"3":0,"4":0,"5":0,"6":0,"7":0,"8":0,"9":0,"10":0},"f":{"0":0,"1":0},"b":{"0":[0,0],"1":[0,0]},"_coverageSchema":"1a1c01bbd47fc00a2c39e90264f33305004495a9","hash":"7738a5a4868202b8fd90b12e52319f4d3868bd8c"}
,"/home/vaxeng/Downloads/API/controllers/CRUD.controllers/move_lottery.controller.js": {"path":"/home/vaxeng/Downloads/API/controllers/CRUD.controllers/move_lottery.controller.js","statementMap":{"0":{"start":{"line":1,"column":14},"end":{"line":1,"column":48}},"1":{"start":{"line":4,"column":0},"end":{"line":23,"column":1}},"2":{"start":{"line":7,"column":36},"end":{"line":7,"column":44}},"3":{"start":{"line":9,"column":4},"end":{"line":11,"column":5}},"4":{"start":{"line":10,"column":8},"end":{"line":10,"column":102}},"5":{"start":{"line":13,"column":4},"end":{"line":22,"column":5}},"6":{"start":{"line":14,"column":8},"end":{"line":19,"column":10}},"7":{"start":{"line":17,"column":8},"end":{"line":18,"column":30}},"8":{"start":{"line":17,"column":19},"end":{"line":17,"column":64}},"9":{"start":{"line":18,"column":13},"end":{"line":18,"column":30}},"10":{"start":{"line":21,"column":6},"end":{"line":21,"column":46}}},"fnMap":{"0":{"name":"(anonymous_0)","decl":{"start":{"line":4,"column":23},"end":{"line":4,"column":24}},"loc":{"start":{"line":4,"column":37},"end":{"line":23,"column":1}},"line":4},"1":{"name":"(anonymous_1)","decl":{"start":{"line":14,"column":98},"end":{"line":14,"column":99}},"loc":{"start":{"line":14,"column":118},"end":{"line":19,"column":9}},"line":14}},"branchMap":{"0":{"loc":{"start":{"line":9,"column":4},"end":{"line":11,"column":5}},"type":"if","locations":[{"start":{"line":9,"column":4},"end":{"line":11,"column":5}},{"start":{"line":9,"column":4},"end":{"line":11,"column":5}}],"line":9},"1":{"loc":{"start":{"line":9,"column":8},"end":{"line":9,"column":31}},"type":"binary-expr","locations":[{"start":{"line":9,"column":8},"end":{"line":9,"column":19}},{"start":{"line":9,"column":23},"end":{"line":9,"column":31}}],"line":9},"2":{"loc":{"start":{"line":17,"column":8},"end":{"line":18,"column":30}},"type":"if","locations":[{"start":{"line":17,"column":8},"end":{"line":18,"column":30}},{"start":{"line":17,"column":8},"end":{"line":18,"column":30}}],"line":17}},"s":{"0":24,"1":24,"2":1,"3":1,"4":0,"5":1,"6":1,"7":1,"8":1,"9":0,"10":0},"f":{"0":1,"1":1},"b":{"0":[0,1],"1":[1,1],"2":[1,0]},"_coverageSchema":"1a1c01bbd47fc00a2c39e90264f33305004495a9","hash":"482a581986f42856112019087a3288fc4ab1f0e1"}
,"/home/vaxeng/Downloads/API/controllers/CRUD.controllers/persent.controller.js": {"path":"/home/vaxeng/Downloads/API/controllers/CRUD.controllers/persent.controller.js","statementMap":{"0":{"start":{"line":2,"column":14},"end":{"line":2,"column":48}},"1":{"start":{"line":4,"column":0},"end":{"line":13,"column":1}},"2":{"start":{"line":5,"column":4},"end":{"line":12,"column":5}},"3":{"start":{"line":6,"column":8},"end":{"line":9,"column":10}},"4":{"start":{"line":7,"column":12},"end":{"line":8,"column":39}},"5":{"start":{"line":8,"column":16},"end":{"line":8,"column":39}},"6":{"start":{"line":11,"column":8},"end":{"line":11,"column":54}},"7":{"start":{"line":15,"column":0},"end":{"line":25,"column":1}},"8":{"start":{"line":16,"column":4},"end":{"line":24,"column":5}},"9":{"start":{"line":17,"column":54},"end":{"line":17,"column":62}},"10":{"start":{"line":18,"column":8},"end":{"line":21,"column":10}},"11":{"start":{"line":19,"column":12},"end":{"line":20,"column":32}},"12":{"start":{"line":20,"column":16},"end":{"line":20,"column":32}},"13":{"start":{"line":23,"column":8},"end":{"line":23,"column":54}}},"fnMap":{"0":{"name":"(anonymous_0)","decl":{"start":{"line":4,"column":24},"end":{"line":4,"column":25}},"loc":{"start":{"line":4,"column":38},"end":{"line":13,"column":1}},"line":4},"1":{"name":"(anonymous_1)","decl":{"start":{"line":6,"column":47},"end":{"line":6,"column":48}},"loc":{"start":{"line":6,"column":66},"end":{"line":9,"column":9}},"line":6},"2":{"name":"(anonymous_2)","decl":{"start":{"line":15,"column":17},"end":{"line":15,"column":18}},"loc":{"start":{"line":15,"column":31},"end":{"line":25,"column":1}},"line":15},"3":{"name":"(anonymous_3)","decl":{"start":{"line":18,"column":127},"end":{"line":18,"column":128}},"loc":{"start":{"line":18,"column":146},"end":{"line":21,"column":9}},"line":18}},"branchMap":{"0":{"loc":{"start":{"line":7,"column":12},"end":{"line":8,"column":39}},"type":"if","locations":[{"start":{"line":7,"column":12},"end":{"line":8,"column":39}},{"start":{"line":7,"column":12},"end":{"line":8,"column":39}}],"line":7},"1":{"loc":{"start":{"line":19,"column":12},"end":{"line":20,"column":32}},"type":"if","locations":[{"start":{"line":19,"column":12},"end":{"line":20,"column":32}},{"start":{"line":19,"column":12},"end":{"line":20,"column":32}}],"line":19}},"s":{"0":24,"1":24,"2":1,"3":1,"4":1,"5":1,"6":0,"7":24,"8":1,"9":1,"10":1,"11":1,"12":1,"13":0},"f":{"0":1,"1":1,"2":1,"3":1},"b":{"0":[1,0],"1":[1,0]},"_coverageSchema":"1a1c01bbd47fc00a2c39e90264f33305004495a9","hash":"c84a1afefc000fc19d22678cd50c8992633d44f0"}
,"/home/vaxeng/Downloads/API/controllers/CRUD.controllers/seller.controller.js": {"path":"/home/vaxeng/Downloads/API/controllers/CRUD.controllers/seller.controller.js","statementMap":{"0":{"start":{"line":2,"column":14},"end":{"line":2,"column":48}},"1":{"start":{"line":7,"column":0},"end":{"line":50,"column":1}},"2":{"start":{"line":8,"column":4},"end":{"line":48,"column":5}},"3":{"start":{"line":10,"column":86},"end":{"line":10,"column":94}},"4":{"start":{"line":12,"column":24},"end":{"line":12,"column":25}},"5":{"start":{"line":14,"column":27},"end":{"line":14,"column":48}},"6":{"start":{"line":16,"column":8},"end":{"line":18,"column":9}},"7":{"start":{"line":17,"column":12},"end":{"line":17,"column":82}},"8":{"start":{"line":20,"column":8},"end":{"line":44,"column":14}},"9":{"start":{"line":25,"column":16},"end":{"line":41,"column":17}},"10":{"start":{"line":25,"column":27},"end":{"line":25,"column":70}},"11":{"start":{"line":28,"column":20},"end":{"line":39,"column":22}},"12":{"start":{"line":32,"column":38},"end":{"line":32,"column":45}},"13":{"start":{"line":33,"column":24},"end":{"line":33,"column":54}},"14":{"start":{"line":35,"column":24},"end":{"line":38,"column":26}},"15":{"start":{"line":42,"column":16},"end":{"line":42,"column":81}},"16":{"start":{"line":47,"column":8},"end":{"line":47,"column":35}},"17":{"start":{"line":52,"column":0},"end":{"line":76,"column":1}},"18":{"start":{"line":53,"column":4},"end":{"line":74,"column":5}},"19":{"start":{"line":55,"column":68},"end":{"line":55,"column":76}},"20":{"start":{"line":57,"column":8},"end":{"line":59,"column":9}},"21":{"start":{"line":58,"column":12},"end":{"line":58,"column":82}},"22":{"start":{"line":61,"column":8},"end":{"line":69,"column":14}},"23":{"start":{"line":66,"column":16},"end":{"line":67,"column":81}},"24":{"start":{"line":67,"column":16},"end":{"line":67,"column":81}},"25":{"start":{"line":72,"column":8},"end":{"line":72,"column":43}},"26":{"start":{"line":79,"column":0},"end":{"line":100,"column":1}},"27":{"start":{"line":81,"column":4},"end":{"line":99,"column":5}},"28":{"start":{"line":82,"column":26},"end":{"line":82,"column":46}},"29":{"start":{"line":84,"column":8},"end":{"line":86,"column":9}},"30":{"start":{"line":85,"column":12},"end":{"line":85,"column":82}},"31":{"start":{"line":88,"column":8},"end":{"line":93,"column":10}},"32":{"start":{"line":90,"column":12},"end":{"line":92,"column":75}},"33":{"start":{"line":90,"column":23},"end":{"line":90,"column":34}},"34":{"start":{"line":92,"column":17},"end":{"line":92,"column":75}},"35":{"start":{"line":97,"column":8},"end":{"line":97,"column":42}},"36":{"start":{"line":101,"column":0},"end":{"line":119,"column":1}},"37":{"start":{"line":103,"column":23},"end":{"line":103,"column":43}},"38":{"start":{"line":104,"column":4},"end":{"line":118,"column":6}},"39":{"start":{"line":115,"column":8},"end":{"line":115,"column":41}},"40":{"start":{"line":115,"column":18},"end":{"line":115,"column":41}},"41":{"start":{"line":117,"column":7},"end":{"line":117,"column":53}}},"fnMap":{"0":{"name":"(anonymous_0)","decl":{"start":{"line":7,"column":23},"end":{"line":7,"column":24}},"loc":{"start":{"line":7,"column":37},"end":{"line":50,"column":1}},"line":7},"1":{"name":"(anonymous_1)","decl":{"start":{"line":23,"column":55},"end":{"line":23,"column":56}},"loc":{"start":{"line":23,"column":74},"end":{"line":44,"column":13}},"line":23},"2":{"name":"(anonymous_2)","decl":{"start":{"line":28,"column":87},"end":{"line":28,"column":88}},"loc":{"start":{"line":28,"column":104},"end":{"line":39,"column":21}},"line":28},"3":{"name":"(anonymous_3)","decl":{"start":{"line":36,"column":24},"end":{"line":36,"column":25}},"loc":{"start":{"line":36,"column":41},"end":{"line":38,"column":25}},"line":36},"4":{"name":"(anonymous_4)","decl":{"start":{"line":52,"column":17},"end":{"line":52,"column":18}},"loc":{"start":{"line":52,"column":31},"end":{"line":76,"column":1}},"line":52},"5":{"name":"(anonymous_5)","decl":{"start":{"line":64,"column":66},"end":{"line":64,"column":67}},"loc":{"start":{"line":64,"column":85},"end":{"line":69,"column":13}},"line":64},"6":{"name":"(anonymous_6)","decl":{"start":{"line":79,"column":23},"end":{"line":79,"column":24}},"loc":{"start":{"line":79,"column":37},"end":{"line":100,"column":1}},"line":79},"7":{"name":"(anonymous_7)","decl":{"start":{"line":88,"column":91},"end":{"line":88,"column":92}},"loc":{"start":{"line":88,"column":110},"end":{"line":93,"column":9}},"line":88},"8":{"name":"(anonymous_8)","decl":{"start":{"line":101,"column":14},"end":{"line":101,"column":15}},"loc":{"start":{"line":101,"column":27},"end":{"line":119,"column":1}},"line":101},"9":{"name":"(anonymous_9)","decl":{"start":{"line":113,"column":6},"end":{"line":113,"column":7}},"loc":{"start":{"line":113,"column":21},"end":{"line":118,"column":5}},"line":113}},"branchMap":{"0":{"loc":{"start":{"line":16,"column":8},"end":{"line":18,"column":9}},"type":"if","locations":[{"start":{"line":16,"column":8},"end":{"line":18,"column":9}},{"start":{"line":16,"column":8},"end":{"line":18,"column":9}}],"line":16},"1":{"loc":{"start":{"line":16,"column":12},"end":{"line":16,"column":41}},"type":"binary-expr","locations":[{"start":{"line":16,"column":12},"end":{"line":16,"column":24}},{"start":{"line":16,"column":28},"end":{"line":16,"column":41}}],"line":16},"2":{"loc":{"start":{"line":25,"column":16},"end":{"line":41,"column":17}},"type":"if","locations":[{"start":{"line":25,"column":16},"end":{"line":41,"column":17}},{"start":{"line":25,"column":16},"end":{"line":41,"column":17}}],"line":25},"3":{"loc":{"start":{"line":57,"column":8},"end":{"line":59,"column":9}},"type":"if","locations":[{"start":{"line":57,"column":8},"end":{"line":59,"column":9}},{"start":{"line":57,"column":8},"end":{"line":59,"column":9}}],"line":57},"4":{"loc":{"start":{"line":57,"column":12},"end":{"line":57,"column":41}},"type":"binary-expr","locations":[{"start":{"line":57,"column":12},"end":{"line":57,"column":24}},{"start":{"line":57,"column":28},"end":{"line":57,"column":41}}],"line":57},"5":{"loc":{"start":{"line":66,"column":16},"end":{"line":67,"column":81}},"type":"if","locations":[{"start":{"line":66,"column":16},"end":{"line":67,"column":81}},{"start":{"line":66,"column":16},"end":{"line":67,"column":81}}],"line":66},"6":{"loc":{"start":{"line":84,"column":8},"end":{"line":86,"column":9}},"type":"if","locations":[{"start":{"line":84,"column":8},"end":{"line":86,"column":9}},{"start":{"line":84,"column":8},"end":{"line":86,"column":9}}],"line":84},"7":{"loc":{"start":{"line":90,"column":12},"end":{"line":92,"column":75}},"type":"if","locations":[{"start":{"line":90,"column":12},"end":{"line":92,"column":75}},{"start":{"line":90,"column":12},"end":{"line":92,"column":75}}],"line":90},"8":{"loc":{"start":{"line":115,"column":8},"end":{"line":115,"column":41}},"type":"if","locations":[{"start":{"line":115,"column":8},"end":{"line":115,"column":41}},{"start":{"line":115,"column":8},"end":{"line":115,"column":41}}],"line":115}},"s":{"0":24,"1":24,"2":2,"3":2,"4":2,"5":2,"6":2,"7":0,"8":2,"9":2,"10":0,"11":2,"12":2,"13":2,"14":2,"15":2,"16":0,"17":24,"18":0,"19":0,"20":0,"21":0,"22":0,"23":0,"24":0,"25":0,"26":24,"27":0,"28":0,"29":0,"30":0,"31":0,"32":0,"33":0,"34":0,"35":0,"36":24,"37":1,"38":1,"39":1,"40":0,"41":1},"f":{"0":2,"1":2,"2":2,"3":2,"4":0,"5":0,"6":0,"7":0,"8":1,"9":1},"b":{"0":[0,2],"1":[2,2],"2":[0,2],"3":[0,0],"4":[0,0],"5":[0,0],"6":[0,0],"7":[0,0],"8":[0,1]},"_coverageSchema":"1a1c01bbd47fc00a2c39e90264f33305004495a9","hash":"939ff578ebac8e20b3a079609374a26bc1ec7aff"}
,"/home/vaxeng/Downloads/API/controllers/CRUD.controllers/thork.controller.js": {"path":"/home/vaxeng/Downloads/API/controllers/CRUD.controllers/thork.controller.js","statementMap":{"0":{"start":{"line":2,"column":14},"end":{"line":2,"column":48}},"1":{"start":{"line":4,"column":0},"end":{"line":35,"column":1}},"2":{"start":{"line":6,"column":4},"end":{"line":34,"column":5}},"3":{"start":{"line":7,"column":102},"end":{"line":7,"column":110}},"4":{"start":{"line":12,"column":8},"end":{"line":30,"column":10}},"5":{"start":{"line":15,"column":12},"end":{"line":15,"column":48}},"6":{"start":{"line":15,"column":23},"end":{"line":15,"column":48}},"7":{"start":{"line":17,"column":12},"end":{"line":29,"column":13}},"8":{"start":{"line":18,"column":16},"end":{"line":25,"column":22}},"9":{"start":{"line":22,"column":24},"end":{"line":22,"column":78}},"10":{"start":{"line":22,"column":35},"end":{"line":22,"column":78}},"11":{"start":{"line":24,"column":24},"end":{"line":24,"column":88}},"12":{"start":{"line":28,"column":16},"end":{"line":28,"column":99}},"13":{"start":{"line":33,"column":8},"end":{"line":33,"column":42}},"14":{"start":{"line":40,"column":0},"end":{"line":73,"column":1}},"15":{"start":{"line":42,"column":4},"end":{"line":72,"column":5}},"16":{"start":{"line":43,"column":53},"end":{"line":43,"column":61}},"17":{"start":{"line":44,"column":27},"end":{"line":44,"column":48}},"18":{"start":{"line":45,"column":31},"end":{"line":45,"column":56}},"19":{"start":{"line":49,"column":8},"end":{"line":67,"column":10}},"20":{"start":{"line":52,"column":12},"end":{"line":52,"column":67}},"21":{"start":{"line":52,"column":23},"end":{"line":52,"column":67}},"22":{"start":{"line":54,"column":26},"end":{"line":54,"column":33}},"23":{"start":{"line":55,"column":29},"end":{"line":55,"column":36}},"24":{"start":{"line":56,"column":25},"end":{"line":56,"column":32}},"25":{"start":{"line":58,"column":12},"end":{"line":66,"column":18}},"26":{"start":{"line":63,"column":20},"end":{"line":63,"column":75}},"27":{"start":{"line":63,"column":31},"end":{"line":63,"column":75}},"28":{"start":{"line":65,"column":20},"end":{"line":65,"column":73}},"29":{"start":{"line":71,"column":8},"end":{"line":71,"column":42}},"30":{"start":{"line":76,"column":0},"end":{"line":99,"column":1}},"31":{"start":{"line":77,"column":4},"end":{"line":98,"column":5}},"32":{"start":{"line":78,"column":25},"end":{"line":78,"column":44}},"33":{"start":{"line":80,"column":8},"end":{"line":82,"column":9}},"34":{"start":{"line":81,"column":12},"end":{"line":81,"column":73}},"35":{"start":{"line":84,"column":8},"end":{"line":95,"column":10}},"36":{"start":{"line":85,"column":12},"end":{"line":85,"column":66}},"37":{"start":{"line":85,"column":23},"end":{"line":85,"column":66}},"38":{"start":{"line":86,"column":26},"end":{"line":86,"column":28}},"39":{"start":{"line":88,"column":12},"end":{"line":93,"column":13}},"40":{"start":{"line":89,"column":16},"end":{"line":89,"column":53}},"41":{"start":{"line":92,"column":16},"end":{"line":92,"column":35}},"42":{"start":{"line":94,"column":12},"end":{"line":94,"column":63}},"43":{"start":{"line":97,"column":8},"end":{"line":97,"column":30}},"44":{"start":{"line":102,"column":0},"end":{"line":138,"column":1}},"45":{"start":{"line":103,"column":4},"end":{"line":137,"column":5}},"46":{"start":{"line":104,"column":26},"end":{"line":104,"column":46}},"47":{"start":{"line":105,"column":8},"end":{"line":133,"column":10}},"48":{"start":{"line":131,"column":12},"end":{"line":131,"column":48}},"49":{"start":{"line":131,"column":23},"end":{"line":131,"column":48}},"50":{"start":{"line":132,"column":12},"end":{"line":132,"column":62}},"51":{"start":{"line":135,"column":8},"end":{"line":135,"column":26}},"52":{"start":{"line":136,"column":8},"end":{"line":136,"column":30}},"53":{"start":{"line":140,"column":0},"end":{"line":171,"column":1}},"54":{"start":{"line":141,"column":4},"end":{"line":170,"column":5}},"55":{"start":{"line":142,"column":26},"end":{"line":142,"column":46}},"56":{"start":{"line":143,"column":27},"end":{"line":143,"column":48}},"57":{"start":{"line":144,"column":28},"end":{"line":144,"column":50}},"58":{"start":{"line":145,"column":8},"end":{"line":167,"column":10}},"59":{"start":{"line":164,"column":12},"end":{"line":164,"column":48}},"60":{"start":{"line":164,"column":23},"end":{"line":164,"column":48}},"61":{"start":{"line":166,"column":12},"end":{"line":166,"column":56}},"62":{"start":{"line":169,"column":8},"end":{"line":169,"column":35}},"63":{"start":{"line":173,"column":0},"end":{"line":204,"column":1}},"64":{"start":{"line":174,"column":4},"end":{"line":203,"column":5}},"65":{"start":{"line":175,"column":26},"end":{"line":175,"column":46}},"66":{"start":{"line":176,"column":27},"end":{"line":176,"column":48}},"67":{"start":{"line":177,"column":28},"end":{"line":177,"column":50}},"68":{"start":{"line":178,"column":8},"end":{"line":200,"column":10}},"69":{"start":{"line":197,"column":12},"end":{"line":197,"column":48}},"70":{"start":{"line":197,"column":23},"end":{"line":197,"column":48}},"71":{"start":{"line":199,"column":12},"end":{"line":199,"column":56}},"72":{"start":{"line":202,"column":8},"end":{"line":202,"column":35}}},"fnMap":{"0":{"name":"(anonymous_0)","decl":{"start":{"line":4,"column":24},"end":{"line":4,"column":25}},"loc":{"start":{"line":4,"column":38},"end":{"line":35,"column":1}},"line":4},"1":{"name":"(anonymous_1)","decl":{"start":{"line":13,"column":75},"end":{"line":13,"column":76}},"loc":{"start":{"line":13,"column":92},"end":{"line":30,"column":9}},"line":13},"2":{"name":"(anonymous_2)","decl":{"start":{"line":20,"column":105},"end":{"line":20,"column":106}},"loc":{"start":{"line":20,"column":124},"end":{"line":25,"column":21}},"line":20},"3":{"name":"(anonymous_3)","decl":{"start":{"line":40,"column":24},"end":{"line":40,"column":25}},"loc":{"start":{"line":40,"column":38},"end":{"line":73,"column":1}},"line":40},"4":{"name":"(anonymous_4)","decl":{"start":{"line":50,"column":81},"end":{"line":50,"column":82}},"loc":{"start":{"line":50,"column":98},"end":{"line":67,"column":9}},"line":50},"5":{"name":"(anonymous_5)","decl":{"start":{"line":61,"column":46},"end":{"line":61,"column":47}},"loc":{"start":{"line":61,"column":65},"end":{"line":66,"column":17}},"line":61},"6":{"name":"(anonymous_6)","decl":{"start":{"line":76,"column":17},"end":{"line":76,"column":18}},"loc":{"start":{"line":76,"column":31},"end":{"line":99,"column":1}},"line":76},"7":{"name":"(anonymous_7)","decl":{"start":{"line":84,"column":73},"end":{"line":84,"column":74}},"loc":{"start":{"line":84,"column":92},"end":{"line":95,"column":9}},"line":84},"8":{"name":"(anonymous_8)","decl":{"start":{"line":102,"column":14},"end":{"line":102,"column":15}},"loc":{"start":{"line":102,"column":28},"end":{"line":138,"column":1}},"line":102},"9":{"name":"(anonymous_9)","decl":{"start":{"line":129,"column":16},"end":{"line":129,"column":17}},"loc":{"start":{"line":129,"column":33},"end":{"line":133,"column":9}},"line":129},"10":{"name":"(anonymous_10)","decl":{"start":{"line":140,"column":29},"end":{"line":140,"column":30}},"loc":{"start":{"line":140,"column":43},"end":{"line":171,"column":1}},"line":140},"11":{"name":"(anonymous_11)","decl":{"start":{"line":162,"column":49},"end":{"line":162,"column":50}},"loc":{"start":{"line":162,"column":66},"end":{"line":167,"column":9}},"line":162},"12":{"name":"(anonymous_12)","decl":{"start":{"line":173,"column":29},"end":{"line":173,"column":30}},"loc":{"start":{"line":173,"column":43},"end":{"line":204,"column":1}},"line":173},"13":{"name":"(anonymous_13)","decl":{"start":{"line":195,"column":49},"end":{"line":195,"column":50}},"loc":{"start":{"line":195,"column":66},"end":{"line":200,"column":9}},"line":195}},"branchMap":{"0":{"loc":{"start":{"line":15,"column":12},"end":{"line":15,"column":48}},"type":"if","locations":[{"start":{"line":15,"column":12},"end":{"line":15,"column":48}},{"start":{"line":15,"column":12},"end":{"line":15,"column":48}}],"line":15},"1":{"loc":{"start":{"line":17,"column":12},"end":{"line":29,"column":13}},"type":"if","locations":[{"start":{"line":17,"column":12},"end":{"line":29,"column":13}},{"start":{"line":17,"column":12},"end":{"line":29,"column":13}}],"line":17},"2":{"loc":{"start":{"line":17,"column":16},"end":{"line":17,"column":54}},"type":"binary-expr","locations":[{"start":{"line":17,"column":16},"end":{"line":17,"column":34}},{"start":{"line":17,"column":38},"end":{"line":17,"column":54}}],"line":17},"3":{"loc":{"start":{"line":22,"column":24},"end":{"line":22,"column":78}},"type":"if","locations":[{"start":{"line":22,"column":24},"end":{"line":22,"column":78}},{"start":{"line":22,"column":24},"end":{"line":22,"column":78}}],"line":22},"4":{"loc":{"start":{"line":52,"column":12},"end":{"line":52,"column":67}},"type":"if","locations":[{"start":{"line":52,"column":12},"end":{"line":52,"column":67}},{"start":{"line":52,"column":12},"end":{"line":52,"column":67}}],"line":52},"5":{"loc":{"start":{"line":63,"column":20},"end":{"line":63,"column":75}},"type":"if","locations":[{"start":{"line":63,"column":20},"end":{"line":63,"column":75}},{"start":{"line":63,"column":20},"end":{"line":63,"column":75}}],"line":63},"6":{"loc":{"start":{"line":80,"column":8},"end":{"line":82,"column":9}},"type":"if","locations":[{"start":{"line":80,"column":8},"end":{"line":82,"column":9}},{"start":{"line":80,"column":8},"end":{"line":82,"column":9}}],"line":80},"7":{"loc":{"start":{"line":85,"column":12},"end":{"line":85,"column":66}},"type":"if","locations":[{"start":{"line":85,"column":12},"end":{"line":85,"column":66}},{"start":{"line":85,"column":12},"end":{"line":85,"column":66}}],"line":85},"8":{"loc":{"start":{"line":88,"column":12},"end":{"line":93,"column":13}},"type":"if","locations":[{"start":{"line":88,"column":12},"end":{"line":93,"column":13}},{"start":{"line":88,"column":12},"end":{"line":93,"column":13}}],"line":88},"9":{"loc":{"start":{"line":131,"column":12},"end":{"line":131,"column":48}},"type":"if","locations":[{"start":{"line":131,"column":12},"end":{"line":131,"column":48}},{"start":{"line":131,"column":12},"end":{"line":131,"column":48}}],"line":131},"10":{"loc":{"start":{"line":164,"column":12},"end":{"line":164,"column":48}},"type":"if","locations":[{"start":{"line":164,"column":12},"end":{"line":164,"column":48}},{"start":{"line":164,"column":12},"end":{"line":164,"column":48}}],"line":164},"11":{"loc":{"start":{"line":197,"column":12},"end":{"line":197,"column":48}},"type":"if","locations":[{"start":{"line":197,"column":12},"end":{"line":197,"column":48}},{"start":{"line":197,"column":12},"end":{"line":197,"column":48}}],"line":197}},"s":{"0":24,"1":24,"2":1,"3":1,"4":1,"5":1,"6":0,"7":1,"8":1,"9":1,"10":0,"11":1,"12":0,"13":0,"14":24,"15":1,"16":1,"17":1,"18":1,"19":1,"20":1,"21":0,"22":1,"23":1,"24":0,"25":0,"26":0,"27":0,"28":0,"29":0,"30":24,"31":1,"32":1,"33":1,"34":0,"35":1,"36":1,"37":0,"38":1,"39":1,"40":1,"41":0,"42":1,"43":0,"44":24,"45":1,"46":1,"47":1,"48":1,"49":0,"50":1,"51":0,"52":0,"53":24,"54":1,"55":1,"56":1,"57":1,"58":1,"59":1,"60":0,"61":1,"62":0,"63":24,"64":1,"65":1,"66":1,"67":1,"68":1,"69":1,"70":0,"71":1,"72":0},"f":{"0":1,"1":1,"2":1,"3":1,"4":1,"5":0,"6":1,"7":1,"8":1,"9":1,"10":1,"11":1,"12":1,"13":1},"b":{"0":[0,1],"1":[1,0],"2":[1,1],"3":[0,1],"4":[0,1],"5":[0,0],"6":[0,1],"7":[0,1],"8":[1,0],"9":[0,1],"10":[0,1],"11":[0,1]},"_coverageSchema":"1a1c01bbd47fc00a2c39e90264f33305004495a9","hash":"54846d56b886146da0e48b13464572133004d772"}
,"/home/vaxeng/Downloads/API/controllers/CRUD.controllers/unit.controller.js": {"path":"/home/vaxeng/Downloads/API/controllers/CRUD.controllers/unit.controller.js","statementMap":{"0":{"start":{"line":2,"column":14},"end":{"line":2,"column":48}},"1":{"start":{"line":7,"column":0},"end":{"line":27,"column":1}},"2":{"start":{"line":9,"column":4},"end":{"line":26,"column":5}},"3":{"start":{"line":11,"column":46},"end":{"line":11,"column":54}},"4":{"start":{"line":12,"column":8},"end":{"line":14,"column":9}},"5":{"start":{"line":13,"column":12},"end":{"line":13,"column":80}},"6":{"start":{"line":16,"column":8},"end":{"line":22,"column":10}},"7":{"start":{"line":19,"column":12},"end":{"line":19,"column":48}},"8":{"start":{"line":19,"column":23},"end":{"line":19,"column":48}},"9":{"start":{"line":21,"column":12},"end":{"line":21,"column":65}},"10":{"start":{"line":25,"column":8},"end":{"line":25,"column":42}},"11":{"start":{"line":32,"column":0},"end":{"line":50,"column":1}},"12":{"start":{"line":33,"column":4},"end":{"line":48,"column":5}},"13":{"start":{"line":34,"column":55},"end":{"line":34,"column":63}},"14":{"start":{"line":36,"column":8},"end":{"line":38,"column":9}},"15":{"start":{"line":37,"column":12},"end":{"line":37,"column":80}},"16":{"start":{"line":39,"column":8},"end":{"line":44,"column":14}},"17":{"start":{"line":42,"column":16},"end":{"line":43,"column":65}},"18":{"start":{"line":42,"column":28},"end":{"line":42,"column":81}},"19":{"start":{"line":43,"column":21},"end":{"line":43,"column":65}},"20":{"start":{"line":47,"column":8},"end":{"line":47,"column":42}},"21":{"start":{"line":52,"column":0},"end":{"line":69,"column":1}},"22":{"start":{"line":54,"column":4},"end":{"line":68,"column":5}},"23":{"start":{"line":55,"column":24},"end":{"line":55,"column":42}},"24":{"start":{"line":57,"column":8},"end":{"line":59,"column":9}},"25":{"start":{"line":58,"column":12},"end":{"line":58,"column":78}},"26":{"start":{"line":60,"column":8},"end":{"line":65,"column":10}},"27":{"start":{"line":62,"column":12},"end":{"line":62,"column":60}},"28":{"start":{"line":62,"column":23},"end":{"line":62,"column":60}},"29":{"start":{"line":64,"column":12},"end":{"line":64,"column":64}},"30":{"start":{"line":67,"column":8},"end":{"line":67,"column":42}},"31":{"start":{"line":71,"column":0},"end":{"line":87,"column":1}},"32":{"start":{"line":73,"column":4},"end":{"line":86,"column":5}},"33":{"start":{"line":74,"column":26},"end":{"line":74,"column":46}},"34":{"start":{"line":75,"column":8},"end":{"line":83,"column":10}},"35":{"start":{"line":80,"column":12},"end":{"line":80,"column":60}},"36":{"start":{"line":80,"column":23},"end":{"line":80,"column":60}},"37":{"start":{"line":82,"column":12},"end":{"line":82,"column":65}},"38":{"start":{"line":85,"column":8},"end":{"line":85,"column":42}}},"fnMap":{"0":{"name":"(anonymous_0)","decl":{"start":{"line":7,"column":17},"end":{"line":7,"column":18}},"loc":{"start":{"line":7,"column":31},"end":{"line":27,"column":1}},"line":7},"1":{"name":"(anonymous_1)","decl":{"start":{"line":17,"column":54},"end":{"line":17,"column":55}},"loc":{"start":{"line":17,"column":73},"end":{"line":22,"column":9}},"line":17},"2":{"name":"(anonymous_2)","decl":{"start":{"line":32,"column":17},"end":{"line":32,"column":18}},"loc":{"start":{"line":32,"column":31},"end":{"line":50,"column":1}},"line":32},"3":{"name":"(anonymous_3)","decl":{"start":{"line":40,"column":50},"end":{"line":40,"column":51}},"loc":{"start":{"line":40,"column":69},"end":{"line":44,"column":13}},"line":40},"4":{"name":"(anonymous_4)","decl":{"start":{"line":52,"column":17},"end":{"line":52,"column":18}},"loc":{"start":{"line":52,"column":31},"end":{"line":69,"column":1}},"line":52},"5":{"name":"(anonymous_5)","decl":{"start":{"line":60,"column":84},"end":{"line":60,"column":85}},"loc":{"start":{"line":60,"column":103},"end":{"line":65,"column":9}},"line":60},"6":{"name":"(anonymous_6)","decl":{"start":{"line":71,"column":14},"end":{"line":71,"column":15}},"loc":{"start":{"line":71,"column":28},"end":{"line":87,"column":1}},"line":71},"7":{"name":"(anonymous_7)","decl":{"start":{"line":78,"column":76},"end":{"line":78,"column":77}},"loc":{"start":{"line":78,"column":95},"end":{"line":83,"column":9}},"line":78}},"branchMap":{"0":{"loc":{"start":{"line":12,"column":8},"end":{"line":14,"column":9}},"type":"if","locations":[{"start":{"line":12,"column":8},"end":{"line":14,"column":9}},{"start":{"line":12,"column":8},"end":{"line":14,"column":9}}],"line":12},"1":{"loc":{"start":{"line":12,"column":12},"end":{"line":12,"column":44}},"type":"binary-expr","locations":[{"start":{"line":12,"column":12},"end":{"line":12,"column":22}},{"start":{"line":12,"column":26},"end":{"line":12,"column":31}},{"start":{"line":12,"column":35},"end":{"line":12,"column":44}}],"line":12},"2":{"loc":{"start":{"line":19,"column":12},"end":{"line":19,"column":48}},"type":"if","locations":[{"start":{"line":19,"column":12},"end":{"line":19,"column":48}},{"start":{"line":19,"column":12},"end":{"line":19,"column":48}}],"line":19},"3":{"loc":{"start":{"line":36,"column":8},"end":{"line":38,"column":9}},"type":"if","locations":[{"start":{"line":36,"column":8},"end":{"line":38,"column":9}},{"start":{"line":36,"column":8},"end":{"line":38,"column":9}}],"line":36},"4":{"loc":{"start":{"line":36,"column":12},"end":{"line":36,"column":56}},"type":"binary-expr","locations":[{"start":{"line":36,"column":12},"end":{"line":36,"column":22}},{"start":{"line":36,"column":26},"end":{"line":36,"column":31}},{"start":{"line":36,"column":35},"end":{"line":36,"column":44}},{"start":{"line":36,"column":48},"end":{"line":36,"column":56}}],"line":36},"5":{"loc":{"start":{"line":42,"column":16},"end":{"line":43,"column":65}},"type":"if","locations":[{"start":{"line":42,"column":16},"end":{"line":43,"column":65}},{"start":{"line":42,"column":16},"end":{"line":43,"column":65}}],"line":42},"6":{"loc":{"start":{"line":57,"column":8},"end":{"line":59,"column":9}},"type":"if","locations":[{"start":{"line":57,"column":8},"end":{"line":59,"column":9}},{"start":{"line":57,"column":8},"end":{"line":59,"column":9}}],"line":57},"7":{"loc":{"start":{"line":62,"column":12},"end":{"line":62,"column":60}},"type":"if","locations":[{"start":{"line":62,"column":12},"end":{"line":62,"column":60}},{"start":{"line":62,"column":12},"end":{"line":62,"column":60}}],"line":62},"8":{"loc":{"start":{"line":80,"column":12},"end":{"line":80,"column":60}},"type":"if","locations":[{"start":{"line":80,"column":12},"end":{"line":80,"column":60}},{"start":{"line":80,"column":12},"end":{"line":80,"column":60}}],"line":80}},"s":{"0":24,"1":24,"2":1,"3":1,"4":1,"5":0,"6":1,"7":1,"8":0,"9":1,"10":0,"11":24,"12":1,"13":1,"14":1,"15":0,"16":1,"17":1,"18":1,"19":0,"20":0,"21":24,"22":1,"23":1,"24":1,"25":0,"26":1,"27":1,"28":0,"29":1,"30":0,"31":24,"32":1,"33":1,"34":1,"35":1,"36":0,"37":1,"38":0},"f":{"0":1,"1":1,"2":1,"3":1,"4":1,"5":1,"6":1,"7":1},"b":{"0":[0,1],"1":[1,1,1],"2":[0,1],"3":[0,1],"4":[1,1,1,1],"5":[1,0],"6":[0,1],"7":[0,1],"8":[0,1]},"_coverageSchema":"1a1c01bbd47fc00a2c39e90264f33305004495a9","hash":"6ad3fc7a0d6705243ea162d9e3b711c83c63b91c"}
,"/home/vaxeng/Downloads/API/controllers/CRUD.controllers/user.controller.js": {"path":"/home/vaxeng/Downloads/API/controllers/CRUD.controllers/user.controller.js","statementMap":{"0":{"start":{"line":1,"column":14},"end":{"line":1,"column":48}},"1":{"start":{"line":2,"column":18},"end":{"line":2,"column":67}},"2":{"start":{"line":6,"column":0},"end":{"line":25,"column":1}},"3":{"start":{"line":8,"column":4},"end":{"line":24,"column":5}},"4":{"start":{"line":9,"column":67},"end":{"line":9,"column":75}},"5":{"start":{"line":11,"column":8},"end":{"line":13,"column":9}},"6":{"start":{"line":12,"column":12},"end":{"line":12,"column":80}},"7":{"start":{"line":15,"column":8},"end":{"line":21,"column":14}},"8":{"start":{"line":18,"column":16},"end":{"line":18,"column":50}},"9":{"start":{"line":18,"column":27},"end":{"line":18,"column":50}},"10":{"start":{"line":20,"column":16},"end":{"line":20,"column":69}},"11":{"start":{"line":23,"column":8},"end":{"line":23,"column":42}},"12":{"start":{"line":29,"column":0},"end":{"line":47,"column":1}},"13":{"start":{"line":30,"column":4},"end":{"line":46,"column":5}},"14":{"start":{"line":31,"column":76},"end":{"line":31,"column":84}},"15":{"start":{"line":33,"column":8},"end":{"line":35,"column":9}},"16":{"start":{"line":34,"column":12},"end":{"line":34,"column":80}},"17":{"start":{"line":37,"column":8},"end":{"line":43,"column":14}},"18":{"start":{"line":40,"column":16},"end":{"line":40,"column":55}},"19":{"start":{"line":40,"column":27},"end":{"line":40,"column":55}},"20":{"start":{"line":42,"column":16},"end":{"line":42,"column":69}},"21":{"start":{"line":45,"column":8},"end":{"line":45,"column":42}},"22":{"start":{"line":49,"column":0},"end":{"line":67,"column":1}},"23":{"start":{"line":50,"column":4},"end":{"line":66,"column":5}},"24":{"start":{"line":51,"column":25},"end":{"line":51,"column":43}},"25":{"start":{"line":53,"column":8},"end":{"line":55,"column":9}},"26":{"start":{"line":54,"column":12},"end":{"line":54,"column":78}},"27":{"start":{"line":57,"column":8},"end":{"line":63,"column":14}},"28":{"start":{"line":60,"column":16},"end":{"line":60,"column":50}},"29":{"start":{"line":60,"column":27},"end":{"line":60,"column":50}},"30":{"start":{"line":62,"column":16},"end":{"line":62,"column":69}},"31":{"start":{"line":65,"column":8},"end":{"line":65,"column":42}},"32":{"start":{"line":69,"column":0},"end":{"line":86,"column":1}},"33":{"start":{"line":70,"column":4},"end":{"line":85,"column":5}},"34":{"start":{"line":71,"column":26},"end":{"line":71,"column":46}},"35":{"start":{"line":72,"column":8},"end":{"line":82,"column":14}},"36":{"start":{"line":79,"column":16},"end":{"line":79,"column":50}},"37":{"start":{"line":79,"column":27},"end":{"line":79,"column":50}},"38":{"start":{"line":81,"column":16},"end":{"line":81,"column":68}},"39":{"start":{"line":84,"column":8},"end":{"line":84,"column":42}}},"fnMap":{"0":{"name":"(anonymous_0)","decl":{"start":{"line":6,"column":17},"end":{"line":6,"column":18}},"loc":{"start":{"line":6,"column":31},"end":{"line":25,"column":1}},"line":6},"1":{"name":"(anonymous_1)","decl":{"start":{"line":16,"column":62},"end":{"line":16,"column":63}},"loc":{"start":{"line":16,"column":81},"end":{"line":21,"column":13}},"line":16},"2":{"name":"(anonymous_2)","decl":{"start":{"line":29,"column":17},"end":{"line":29,"column":18}},"loc":{"start":{"line":29,"column":31},"end":{"line":47,"column":1}},"line":29},"3":{"name":"(anonymous_3)","decl":{"start":{"line":38,"column":71},"end":{"line":38,"column":72}},"loc":{"start":{"line":38,"column":90},"end":{"line":43,"column":13}},"line":38},"4":{"name":"(anonymous_4)","decl":{"start":{"line":49,"column":17},"end":{"line":49,"column":18}},"loc":{"start":{"line":49,"column":31},"end":{"line":67,"column":1}},"line":49},"5":{"name":"(anonymous_5)","decl":{"start":{"line":58,"column":23},"end":{"line":58,"column":24}},"loc":{"start":{"line":58,"column":42},"end":{"line":63,"column":13}},"line":58},"6":{"name":"(anonymous_6)","decl":{"start":{"line":69,"column":14},"end":{"line":69,"column":15}},"loc":{"start":{"line":69,"column":28},"end":{"line":86,"column":1}},"line":69},"7":{"name":"(anonymous_7)","decl":{"start":{"line":77,"column":12},"end":{"line":77,"column":13}},"loc":{"start":{"line":77,"column":31},"end":{"line":82,"column":13}},"line":77}},"branchMap":{"0":{"loc":{"start":{"line":11,"column":8},"end":{"line":13,"column":9}},"type":"if","locations":[{"start":{"line":11,"column":8},"end":{"line":13,"column":9}},{"start":{"line":11,"column":8},"end":{"line":13,"column":9}}],"line":11},"1":{"loc":{"start":{"line":11,"column":12},"end":{"line":11,"column":68}},"type":"binary-expr","locations":[{"start":{"line":11,"column":12},"end":{"line":11,"column":22}},{"start":{"line":11,"column":26},"end":{"line":11,"column":37}},{"start":{"line":11,"column":41},"end":{"line":11,"column":54}},{"start":{"line":11,"column":58},"end":{"line":11,"column":68}}],"line":11},"2":{"loc":{"start":{"line":18,"column":16},"end":{"line":18,"column":50}},"type":"if","locations":[{"start":{"line":18,"column":16},"end":{"line":18,"column":50}},{"start":{"line":18,"column":16},"end":{"line":18,"column":50}}],"line":18},"3":{"loc":{"start":{"line":33,"column":8},"end":{"line":35,"column":9}},"type":"if","locations":[{"start":{"line":33,"column":8},"end":{"line":35,"column":9}},{"start":{"line":33,"column":8},"end":{"line":35,"column":9}}],"line":33},"4":{"loc":{"start":{"line":33,"column":12},"end":{"line":33,"column":80}},"type":"binary-expr","locations":[{"start":{"line":33,"column":12},"end":{"line":33,"column":22}},{"start":{"line":33,"column":26},"end":{"line":33,"column":37}},{"start":{"line":33,"column":41},"end":{"line":33,"column":54}},{"start":{"line":33,"column":58},"end":{"line":33,"column":68}},{"start":{"line":33,"column":72},"end":{"line":33,"column":80}}],"line":33},"5":{"loc":{"start":{"line":40,"column":16},"end":{"line":40,"column":55}},"type":"if","locations":[{"start":{"line":40,"column":16},"end":{"line":40,"column":55}},{"start":{"line":40,"column":16},"end":{"line":40,"column":55}}],"line":40},"6":{"loc":{"start":{"line":53,"column":8},"end":{"line":55,"column":9}},"type":"if","locations":[{"start":{"line":53,"column":8},"end":{"line":55,"column":9}},{"start":{"line":53,"column":8},"end":{"line":55,"column":9}}],"line":53},"7":{"loc":{"start":{"line":60,"column":16},"end":{"line":60,"column":50}},"type":"if","locations":[{"start":{"line":60,"column":16},"end":{"line":60,"column":50}},{"start":{"line":60,"column":16},"end":{"line":60,"column":50}}],"line":60},"8":{"loc":{"start":{"line":79,"column":16},"end":{"line":79,"column":50}},"type":"if","locations":[{"start":{"line":79,"column":16},"end":{"line":79,"column":50}},{"start":{"line":79,"column":16},"end":{"line":79,"column":50}}],"line":79}},"s":{"0":24,"1":24,"2":24,"3":1,"4":1,"5":1,"6":0,"7":1,"8":1,"9":0,"10":1,"11":0,"12":24,"13":1,"14":1,"15":1,"16":0,"17":1,"18":1,"19":0,"20":1,"21":0,"22":24,"23":1,"24":1,"25":1,"26":0,"27":1,"28":1,"29":0,"30":1,"31":0,"32":24,"33":1,"34":1,"35":1,"36":1,"37":0,"38":1,"39":0},"f":{"0":1,"1":1,"2":1,"3":1,"4":1,"5":1,"6":1,"7":1},"b":{"0":[0,1],"1":[1,1,1,1],"2":[0,1],"3":[0,1],"4":[1,1,1,1,1],"5":[0,1],"6":[0,1],"7":[0,1],"8":[0,1]},"_coverageSchema":"1a1c01bbd47fc00a2c39e90264f33305004495a9","hash":"dd48a919caa34fe7d41ec34a643965346ce160e9"}
,"/home/vaxeng/Downloads/API/controllers/import.controllers/sell.controller.js": {"path":"/home/vaxeng/Downloads/API/controllers/import.controllers/sell.controller.js","statementMap":{"0":{"start":{"line":2,"column":13},"end":{"line":2,"column":28}},"1":{"start":{"line":3,"column":14},"end":{"line":3,"column":32}},"2":{"start":{"line":4,"column":14},"end":{"line":4,"column":48}},"3":{"start":{"line":8,"column":0},"end":{"line":190,"column":1}},"4":{"start":{"line":10,"column":4},"end":{"line":12,"column":5}},"5":{"start":{"line":11,"column":8},"end":{"line":11,"column":66}},"6":{"start":{"line":14,"column":15},"end":{"line":14,"column":50}},"7":{"start":{"line":15,"column":19},"end":{"line":15,"column":38}},"8":{"start":{"line":16,"column":14},"end":{"line":16,"column":36}},"9":{"start":{"line":17,"column":20},"end":{"line":17,"column":40}},"10":{"start":{"line":19,"column":29},"end":{"line":19,"column":33}},"11":{"start":{"line":20,"column":22},"end":{"line":20,"column":26}},"12":{"start":{"line":23,"column":37},"end":{"line":23,"column":64}},"13":{"start":{"line":24,"column":31},"end":{"line":24,"column":96}},"14":{"start":{"line":25,"column":30},"end":{"line":25,"column":50}},"15":{"start":{"line":26,"column":24},"end":{"line":26,"column":75}},"16":{"start":{"line":29,"column":16},"end":{"line":29,"column":79}},"17":{"start":{"line":30,"column":25},"end":{"line":30,"column":58}},"18":{"start":{"line":32,"column":23},"end":{"line":32,"column":25}},"19":{"start":{"line":33,"column":24},"end":{"line":33,"column":26}},"20":{"start":{"line":34,"column":24},"end":{"line":34,"column":26}},"21":{"start":{"line":35,"column":24},"end":{"line":35,"column":26}},"22":{"start":{"line":36,"column":24},"end":{"line":36,"column":26}},"23":{"start":{"line":37,"column":24},"end":{"line":37,"column":26}},"24":{"start":{"line":38,"column":24},"end":{"line":38,"column":26}},"25":{"start":{"line":42,"column":4},"end":{"line":73,"column":5}},"26":{"start":{"line":45,"column":8},"end":{"line":47,"column":9}},"27":{"start":{"line":46,"column":12},"end":{"line":46,"column":44}},"28":{"start":{"line":49,"column":8},"end":{"line":52,"column":9}},"29":{"start":{"line":50,"column":12},"end":{"line":50,"column":45}},"30":{"start":{"line":53,"column":8},"end":{"line":56,"column":9}},"31":{"start":{"line":54,"column":12},"end":{"line":54,"column":45}},"32":{"start":{"line":57,"column":8},"end":{"line":60,"column":9}},"33":{"start":{"line":58,"column":12},"end":{"line":58,"column":45}},"34":{"start":{"line":61,"column":8},"end":{"line":64,"column":9}},"35":{"start":{"line":62,"column":12},"end":{"line":62,"column":45}},"36":{"start":{"line":65,"column":8},"end":{"line":68,"column":9}},"37":{"start":{"line":66,"column":12},"end":{"line":66,"column":45}},"38":{"start":{"line":69,"column":8},"end":{"line":72,"column":9}},"39":{"start":{"line":70,"column":12},"end":{"line":70,"column":45}},"40":{"start":{"line":76,"column":4},"end":{"line":76,"column":27}},"41":{"start":{"line":77,"column":4},"end":{"line":77,"column":47}},"42":{"start":{"line":79,"column":4},"end":{"line":79,"column":28}},"43":{"start":{"line":80,"column":4},"end":{"line":80,"column":49}},"44":{"start":{"line":82,"column":4},"end":{"line":82,"column":28}},"45":{"start":{"line":83,"column":4},"end":{"line":83,"column":49}},"46":{"start":{"line":85,"column":4},"end":{"line":85,"column":28}},"47":{"start":{"line":86,"column":4},"end":{"line":86,"column":49}},"48":{"start":{"line":88,"column":4},"end":{"line":88,"column":28}},"49":{"start":{"line":89,"column":4},"end":{"line":89,"column":49}},"50":{"start":{"line":92,"column":4},"end":{"line":92,"column":28}},"51":{"start":{"line":93,"column":4},"end":{"line":93,"column":49}},"52":{"start":{"line":95,"column":4},"end":{"line":95,"column":28}},"53":{"start":{"line":96,"column":4},"end":{"line":96,"column":49}},"54":{"start":{"line":101,"column":25},"end":{"line":101,"column":26}},"55":{"start":{"line":102,"column":26},"end":{"line":102,"column":27}},"56":{"start":{"line":103,"column":23},"end":{"line":103,"column":24}},"57":{"start":{"line":108,"column":4},"end":{"line":114,"column":6}},"58":{"start":{"line":110,"column":8},"end":{"line":110,"column":44}},"59":{"start":{"line":110,"column":19},"end":{"line":110,"column":44}},"60":{"start":{"line":112,"column":22},"end":{"line":112,"column":29}},"61":{"start":{"line":113,"column":8},"end":{"line":113,"column":36}},"62":{"start":{"line":118,"column":4},"end":{"line":126,"column":6}},"63":{"start":{"line":120,"column":8},"end":{"line":120,"column":44}},"64":{"start":{"line":120,"column":19},"end":{"line":120,"column":44}},"65":{"start":{"line":122,"column":20},"end":{"line":122,"column":27}},"66":{"start":{"line":123,"column":20},"end":{"line":123,"column":27}},"67":{"start":{"line":124,"column":8},"end":{"line":124,"column":37}},"68":{"start":{"line":125,"column":8},"end":{"line":125,"column":34}},"69":{"start":{"line":129,"column":4},"end":{"line":189,"column":6}},"70":{"start":{"line":131,"column":8},"end":{"line":131,"column":44}},"71":{"start":{"line":131,"column":19},"end":{"line":131,"column":44}},"72":{"start":{"line":133,"column":8},"end":{"line":140,"column":9}},"73":{"start":{"line":135,"column":12},"end":{"line":138,"column":14}},"74":{"start":{"line":136,"column":16},"end":{"line":136,"column":53}},"75":{"start":{"line":136,"column":27},"end":{"line":136,"column":53}},"76":{"start":{"line":137,"column":16},"end":{"line":137,"column":51}},"77":{"start":{"line":144,"column":23},"end":{"line":144,"column":25}},"78":{"start":{"line":145,"column":25},"end":{"line":145,"column":26}},"79":{"start":{"line":146,"column":22},"end":{"line":146,"column":23}},"80":{"start":{"line":148,"column":8},"end":{"line":162,"column":9}},"81":{"start":{"line":148,"column":21},"end":{"line":148,"column":22}},"82":{"start":{"line":150,"column":12},"end":{"line":150,"column":124}},"83":{"start":{"line":154,"column":12},"end":{"line":155,"column":42}},"84":{"start":{"line":154,"column":37},"end":{"line":154,"column":59}},"85":{"start":{"line":155,"column":17},"end":{"line":155,"column":42}},"86":{"start":{"line":157,"column":12},"end":{"line":157,"column":46}},"87":{"start":{"line":158,"column":12},"end":{"line":158,"column":46}},"88":{"start":{"line":161,"column":12},"end":{"line":161,"column":191}},"89":{"start":{"line":166,"column":8},"end":{"line":188,"column":14}},"90":{"start":{"line":168,"column":16},"end":{"line":187,"column":17}},"91":{"start":{"line":170,"column":20},"end":{"line":186,"column":21}},"92":{"start":{"line":174,"column":24},"end":{"line":181,"column":26}},"93":{"start":{"line":179,"column":28},"end":{"line":180,"column":42}},"94":{"start":{"line":180,"column":28},"end":{"line":180,"column":42}},"95":{"start":{"line":185,"column":24},"end":{"line":185,"column":107}}},"fnMap":{"0":{"name":"(anonymous_0)","decl":{"start":{"line":8,"column":27},"end":{"line":8,"column":28}},"loc":{"start":{"line":8,"column":47},"end":{"line":190,"column":1}},"line":8},"1":{"name":"(anonymous_1)","decl":{"start":{"line":108,"column":74},"end":{"line":108,"column":75}},"loc":{"start":{"line":108,"column":91},"end":{"line":114,"column":5}},"line":108},"2":{"name":"(anonymous_2)","decl":{"start":{"line":118,"column":49},"end":{"line":118,"column":50}},"loc":{"start":{"line":118,"column":66},"end":{"line":126,"column":5}},"line":118},"3":{"name":"(anonymous_3)","decl":{"start":{"line":129,"column":98},"end":{"line":129,"column":99}},"loc":{"start":{"line":129,"column":117},"end":{"line":189,"column":5}},"line":129},"4":{"name":"(anonymous_4)","decl":{"start":{"line":135,"column":99},"end":{"line":135,"column":100}},"loc":{"start":{"line":135,"column":118},"end":{"line":138,"column":13}},"line":135},"5":{"name":"(anonymous_5)","decl":{"start":{"line":167,"column":45},"end":{"line":167,"column":46}},"loc":{"start":{"line":167,"column":62},"end":{"line":188,"column":13}},"line":167},"6":{"name":"(anonymous_6)","decl":{"start":{"line":177,"column":27},"end":{"line":177,"column":28}},"loc":{"start":{"line":177,"column":44},"end":{"line":181,"column":25}},"line":177}},"branchMap":{"0":{"loc":{"start":{"line":10,"column":4},"end":{"line":12,"column":5}},"type":"if","locations":[{"start":{"line":10,"column":4},"end":{"line":12,"column":5}},{"start":{"line":10,"column":4},"end":{"line":12,"column":5}}],"line":10},"1":{"loc":{"start":{"line":24,"column":31},"end":{"line":24,"column":96}},"type":"cond-expr","locations":[{"start":{"line":24,"column":58},"end":{"line":24,"column":84}},{"start":{"line":24,"column":87},"end":{"line":24,"column":96}}],"line":24},"2":{"loc":{"start":{"line":26,"column":24},"end":{"line":26,"column":75}},"type":"cond-expr","locations":[{"start":{"line":26,"column":44},"end":{"line":26,"column":63}},{"start":{"line":26,"column":66},"end":{"line":26,"column":75}}],"line":26},"3":{"loc":{"start":{"line":45,"column":8},"end":{"line":47,"column":9}},"type":"if","locations":[{"start":{"line":45,"column":8},"end":{"line":47,"column":9}},{"start":{"line":45,"column":8},"end":{"line":47,"column":9}}],"line":45},"4":{"loc":{"start":{"line":49,"column":8},"end":{"line":52,"column":9}},"type":"if","locations":[{"start":{"line":49,"column":8},"end":{"line":52,"column":9}},{"start":{"line":49,"column":8},"end":{"line":52,"column":9}}],"line":49},"5":{"loc":{"start":{"line":53,"column":8},"end":{"line":56,"column":9}},"type":"if","locations":[{"start":{"line":53,"column":8},"end":{"line":56,"column":9}},{"start":{"line":53,"column":8},"end":{"line":56,"column":9}}],"line":53},"6":{"loc":{"start":{"line":57,"column":8},"end":{"line":60,"column":9}},"type":"if","locations":[{"start":{"line":57,"column":8},"end":{"line":60,"column":9}},{"start":{"line":57,"column":8},"end":{"line":60,"column":9}}],"line":57},"7":{"loc":{"start":{"line":61,"column":8},"end":{"line":64,"column":9}},"type":"if","locations":[{"start":{"line":61,"column":8},"end":{"line":64,"column":9}},{"start":{"line":61,"column":8},"end":{"line":64,"column":9}}],"line":61},"8":{"loc":{"start":{"line":65,"column":8},"end":{"line":68,"column":9}},"type":"if","locations":[{"start":{"line":65,"column":8},"end":{"line":68,"column":9}},{"start":{"line":65,"column":8},"end":{"line":68,"column":9}}],"line":65},"9":{"loc":{"start":{"line":69,"column":8},"end":{"line":72,"column":9}},"type":"if","locations":[{"start":{"line":69,"column":8},"end":{"line":72,"column":9}},{"start":{"line":69,"column":8},"end":{"line":72,"column":9}}],"line":69},"10":{"loc":{"start":{"line":110,"column":8},"end":{"line":110,"column":44}},"type":"if","locations":[{"start":{"line":110,"column":8},"end":{"line":110,"column":44}},{"start":{"line":110,"column":8},"end":{"line":110,"column":44}}],"line":110},"11":{"loc":{"start":{"line":120,"column":8},"end":{"line":120,"column":44}},"type":"if","locations":[{"start":{"line":120,"column":8},"end":{"line":120,"column":44}},{"start":{"line":120,"column":8},"end":{"line":120,"column":44}}],"line":120},"12":{"loc":{"start":{"line":131,"column":8},"end":{"line":131,"column":44}},"type":"if","locations":[{"start":{"line":131,"column":8},"end":{"line":131,"column":44}},{"start":{"line":131,"column":8},"end":{"line":131,"column":44}}],"line":131},"13":{"loc":{"start":{"line":133,"column":8},"end":{"line":140,"column":9}},"type":"if","locations":[{"start":{"line":133,"column":8},"end":{"line":140,"column":9}},{"start":{"line":133,"column":8},"end":{"line":140,"column":9}}],"line":133},"14":{"loc":{"start":{"line":133,"column":12},"end":{"line":133,"column":54}},"type":"binary-expr","locations":[{"start":{"line":133,"column":12},"end":{"line":133,"column":32}},{"start":{"line":133,"column":36},"end":{"line":133,"column":54}}],"line":133},"15":{"loc":{"start":{
[...]
,"/home/vaxeng/Downloads/API/routes/CRUD.routes/lottery.route.js": {"path":"/home/vaxeng/Downloads/API/routes/CRUD.routes/lottery.route.js","statementMap":{"0":{"start":{"line":3,"column":16},"end":{"line":3,"column":34}},"1":{"start":{"line":5,"column":15},"end":{"line":5,"column":31}},"2":{"start":{"line":7,"column":24},"end":{"line":7,"column":88}},"3":{"start":{"line":80,"column":0},"end":{"line":80,"column":55}},"4":{"start":{"line":101,"column":0},"end":{"line":101,"column":65}},"5":{"start":{"line":126,"column":0},"end":{"line":126,"column":53}},"6":{"start":{"line":151,"column":0},"end":{"line":151,"column":54}},"7":{"start":{"line":214,"column":0},"end":{"line":214,"column":24}}},"fnMap":{},"branchMap":{},"s":{"0":24,"1":24,"2":24,"3":24,"4":24,"5":24,"6":24,"7":24},"f":{},"b":{},"_coverageSchema":"1a1c01bbd47fc00a2c39e90264f33305004495a9","hash":"4a71ca25cc54537f815d27fec7595cdc717f1600"}
,"/home/vaxeng/Downloads/API/routes/CRUD.routes/lottery_out.route.js": {"path":"/home/vaxeng/Downloads/API/routes/CRUD.routes/lottery_out.route.js","statementMap":{"0":{"start":{"line":2,"column":16},"end":{"line":2,"column":34}},"1":{"start":{"line":4,"column":15},"end":{"line":4,"column":31}},"2":{"start":{"line":6,"column":20},"end":{"line":6,"column":88}},"3":{"start":{"line":55,"column":0},"end":{"line":55,"column":62}},"4":{"start":{"line":57,"column":0},"end":{"line":57,"column":23}}},"fnMap":{},"branchMap":{},"s":{"0":24,"1":24,"2":24,"3":24,"4":24},"f":{},"b":{},"_coverageSchema":"1a1c01bbd47fc00a2c39e90264f33305004495a9","hash":"571beda66753c46d19ed25eb54d790d437f15858"}
,"/home/vaxeng/Downloads/API/routes/CRUD.routes/move_lottery.route.js": {"path":"/home/vaxeng/Downloads/API/routes/CRUD.routes/move_lottery.route.js","statementMap":{"0":{"start":{"line":2,"column":16},"end":{"line":2,"column":34}},"1":{"start":{"line":4,"column":16},"end":{"line":4,"column":32}},"2":{"start":{"line":6,"column":13},"end":{"line":6,"column":82}},"3":{"start":{"line":61,"column":0},"end":{"line":61,"column":45}},"4":{"start":{"line":63,"column":0},"end":{"line":63,"column":23}}},"fnMap":{},"branchMap":{},"s":{"0":24,"1":24,"2":24,"3":24,"4":24},"f":{},"b":{},"_coverageSchema":"1a1c01bbd47fc00a2c39e90264f33305004495a9","hash":"7b99369b775692da0ea848e108249504a5d7693c"}
,"/home/vaxeng/Downloads/API/routes/CRUD.routes/persent.route.js": {"path":"/home/vaxeng/Downloads/API/routes/CRUD.routes/persent.route.js","statementMap":{"0":{"start":{"line":2,"column":16},"end":{"line":2,"column":34}},"1":{"start":{"line":4,"column":15},"end":{"line":4,"column":31}},"2":{"start":{"line":6,"column":16},"end":{"line":6,"column":80}},"3":{"start":{"line":66,"column":0},"end":{"line":66,"column":37}},"4":{"start":{"line":84,"column":0},"end":{"line":84,"column":44}},"5":{"start":{"line":86,"column":0},"end":{"line":86,"column":23}}},"fnMap":{},"branchMap":{},"s":{"0":24,"1":24,"2":24,"3":24,"4":24,"5":24},"f":{},"b":{},"_coverageSchema":"1a1c01bbd47fc00a2c39e90264f33305004495a9","hash":"b2bc79fd63f48f445099b08660d8f321b98418a7"}
,"/home/vaxeng/Downloads/API/routes/CRUD.routes/seller.route.js": {"path":"/home/vaxeng/Downloads/API/routes/CRUD.routes/seller.route.js","statementMap":{"0":{"start":{"line":2,"column":16},"end":{"line":2,"column":34}},"1":{"start":{"line":4,"column":15},"end":{"line":4,"column":31}},"2":{"start":{"line":6,"column":15},"end":{"line":6,"column":78}},"3":{"start":{"line":83,"column":0},"end":{"line":83,"column":56}},"4":{"start":{"line":104,"column":4},"end":{"line":104,"column":47}},"5":{"start":{"line":126,"column":0},"end":{"line":126,"column":54}},"6":{"start":{"line":152,"column":0},"end":{"line":152,"column":45}},"7":{"start":{"line":154,"column":0},"end":{"line":154,"column":23}}},"fnMap":{},"branchMap":{},"s":{"0":24,"1":24,"2":24,"3":24,"4":24,"5":24,"6":24,"7":24},"f":{},"b":{},"_coverageSchema":"1a1c01bbd47fc00a2c39e90264f33305004495a9","hash":"2ce7ceebcc264d1f68745f7b9dca434b637264d1"}
,"/home/vaxeng/Downloads/API/routes/CRUD.routes/thork.route.js": {"path":"/home/vaxeng/Downloads/API/routes/CRUD.routes/thork.route.js","statementMap":{"0":{"start":{"line":2,"column":16},"end":{"line":2,"column":34}},"1":{"start":{"line":4,"column":15},"end":{"line":4,"column":31}},"2":{"start":{"line":6,"column":15},"end":{"line":6,"column":77}},"3":{"start":{"line":80,"column":0},"end":{"line":80,"column":41}},"4":{"start":{"line":101,"column":0},"end":{"line":101,"column":46}},"5":{"start":{"line":122,"column":0},"end":{"line":122,"column":41}},"6":{"start":{"line":154,"column":1},"end":{"line":154,"column":91}},"7":{"start":{"line":186,"column":1},"end":{"line":186,"column":91}},"8":{"start":{"line":226,"column":0},"end":{"line":226,"column":68}},"9":{"start":{"line":227,"column":0},"end":{"line":227,"column":23}}},"fnMap":{},"branchMap":{},"s":{"0":24,"1":24,"2":24,"3":24,"4":24,"5":24,"6":24,"7":24,"8":24,"9":24},"f":{},"b":{},"_coverageSchema":"1a1c01bbd47fc00a2c39e90264f33305004495a9","hash":"38c262b9303a826287fffb0635d0f1a9dd7560bf"}
,"/home/vaxeng/Downloads/API/routes/CRUD.routes/unit.route.js": {"path":"/home/vaxeng/Downloads/API/routes/CRUD.routes/unit.route.js","statementMap":{"0":{"start":{"line":1,"column":16},"end":{"line":1,"column":34}},"1":{"start":{"line":3,"column":15},"end":{"line":3,"column":31}},"2":{"start":{"line":5,"column":13},"end":{"line":5,"column":74}},"3":{"start":{"line":63,"column":0},"end":{"line":63,"column":32}},"4":{"start":{"line":90,"column":0},"end":{"line":90,"column":31}},"5":{"start":{"line":112,"column":0},"end":{"line":112,"column":40}},"6":{"start":{"line":138,"column":0},"end":{"line":138,"column":39}},"7":{"start":{"line":141,"column":0},"end":{"line":141,"column":23}}},"fnMap":{},"branchMap":{},"s":{"0":24,"1":24,"2":24,"3":24,"4":24,"5":24,"6":24,"7":24},"f":{},"b":{},"_coverageSchema":"1a1c01bbd47fc00a2c39e90264f33305004495a9","hash":"96445bc2d794b237f79dd177a15eecefb6762169"}
,"/home/vaxeng/Downloads/API/routes/CRUD.routes/user.route.js": {"path":"/home/vaxeng/Downloads/API/routes/CRUD.routes/user.route.js","statementMap":{"0":{"start":{"line":2,"column":16},"end":{"line":2,"column":34}},"1":{"start":{"line":4,"column":15},"end":{"line":4,"column":31}},"2":{"start":{"line":6,"column":13},"end":{"line":6,"column":74}},"3":{"start":{"line":77,"column":0},"end":{"line":77,"column":32}},"4":{"start":{"line":103,"column":0},"end":{"line":103,"column":31}},"5":{"start":{"line":124,"column":0},"end":{"line":124,"column":40}},"6":{"start":{"line":149,"column":0},"end":{"line":149,"column":39}},"7":{"start":{"line":151,"column":0},"end":{"line":151,"column":23}}},"fnMap":{},"branchMap":{},"s":{"0":24,"1":24,"2":24,"3":24,"4":24,"5":24,"6":24,"7":24},"f":{},"b":{},"_coverageSchema":"1a1c01bbd47fc00a2c39e90264f33305004495a9","hash":"f9534cfd7407249eb626ddce3e649c52a2273cd1"}
,"/home/vaxeng/Downloads/API/routes/import.routes/sell.route.js": {"path":"/home/vaxeng/Downloads/API/routes/import.routes/sell.route.js","statementMap":{"0":{"start":{"line":2,"column":16},"end":{"line":2,"column":34}},"1":{"start":{"line":4,"column":15},"end":{"line":4,"column":31}},"2":{"start":{"line":6,"column":19},"end":{"line":6,"column":82}},"3":{"start":{"line":8,"column":16},"end":{"line":8,"column":51}},"4":{"start":{"line":18,"column":0},"end":{"line":18,"column":70}},"5":{"start":{"line":24,"column":0},"end":{"line":24,"column":23}}},"fnMap":{},"branchMap":{},"s":{"0":24,"1":24,"2":24,"3":24,"4":24,"5":24},"f":{},"b":{},"_coverageSchema":"1a1c01bbd47fc00a2c39e90264f33305004495a9","hash":"e97ae2b6b4fb65b18294a34e206d0c0e7a515cc3"}
,"/home/vaxeng/Downloads/API/routes/import.routes/win.route.js": {"path":"/home/vaxeng/Downloads/API/routes/import.routes/win.route.js","statementMap":{"0":{"start":{"line":2,"column":16},"end":{"line":2,"column":34}},"1":{"start":{"line":4,"column":15},"end":{"line":4,"column":31}},"2":{"start":{"line":6,"column":18},"end":{"line":6,"column":80}},"3":{"start":{"line":7,"column":16},"end":{"line":7,"column":51}},"4":{"start":{"line":20,"column":0},"end":{"line":20,"column":77}},"5":{"start":{"line":34,"column":0},"end":{"line":34,"column":32}},"6":{"start":{"line":35,"column":0},"end":{"line":35,"column":23}}},"fnMap":{},"branchMap":{},"s":{"0":24,"1":24,"2":24,"3":24,"4":24,"5":24,"6":24},"f":{},"b":{},"_coverageSchema":"1a1c01bbd47fc00a2c39e90264f33305004495a9","hash":"ac83d59101ad76b78c0cc5501021ac42f3e1957d"}
,"/home/vaxeng/Downloads/API/routes/report.routes/dasboard_income_grash.route.js": {"path":"/home/vaxeng/Downloads/API/routes/report.routes/dasboard_income_grash.route.js","statementMap":{"0":{"start":{"line":2,"column":16},"end":{"line":2,"column":34}},"1":{"start":{"line":4,"column":15},"end":{"line":4,"column":31}},"2":{"start":{"line":6,"column":30},"end":{"line":6,"column":110}},"3":{"start":{"line":36,"column":0},"end":{"line":36,"column":95}},"4":{"start":{"line":66,"column":1},"end":{"line":66,"column":104}},"5":{"start":{"line":68,"column":0},"end":{"line":68,"column":23}}},"fnMap":{},"branchMap":{},"s":{"0":24,"1":24,"2":24,"3":24,"4":24,"5":24},"f":{},"b":{},"_coverageSchema":"1a1c01bbd47fc00a2c39e90264f33305004495a9","hash":"73e1e530d1eeecad055ab5cdbb85d46b57137d51"}
,"/home/vaxeng/Downloads/API/routes/report.routes/dasboard_own_grash.route.js": {"path":"/home/vaxeng/Downloads/API/routes/report.routes/dasboard_own_grash.route.js","statementMap":{"0":{"start":{"line":2,"column":16},"end":{"line":2,"column":34}},"1":{"start":{"line":4,"column":15},"end":{"line":4,"column":31}},"2":{"start":{"line":6,"column":27},"end":{"line":6,"column":104}},"3":{"start":{"line":36,"column":0},"end":{"line":36,"column":86}},"4":{"start":{"line":66,"column":1},"end":{"line":66,"column":95}},"5":{"start":{"line":69,"column":0},"end":{"line":69,"column":23}}},"fnMap":{},"branchMap":{},"s":{"0":24,"1":24,"2":24,"3":24,"4":24,"5":24},"f":{},"b":{},"_coverageSchema":"1a1c01bbd47fc00a2c39e90264f33305004495a9","hash":"e0ea2e64c3aa1e68394745bf18390503e2b90234"}
,"/home/vaxeng/Downloads/API/routes/report.routes/get.value.sell.route.js": {"path":"/home/vaxeng/Downloads/API/routes/report.routes/get.value.sell.route.js","statementMap":{"0":{"start":{"line":2,"column":16},"end":{"line":2,"column":34}},"1":{"start":{"line":3,"column":15},"end":{"line":3,"column":31}},"2":{"start":{"line":4,"column":16},"end":{"line":4,"column":89}},"3":{"start":{"line":41,"column":0},"end":{"line":41,"column":86}},"4":{"start":{"line":73,"column":0},"end":{"line":73,"column":97}},"5":{"start":{"line":99,"column":0},"end":{"line":99,"column":80}},"6":{"start":{"line":131,"column":0},"end":{"line":131,"column":91}},"7":{"start":{"line":133,"column":0},"end":{"line":133,"column":23}}},"fnMap":{},"branchMap":{},"s":{"0":24,"1":24,"2":24,"3":24,"4":24,"5":24,"6":24,"7":24},"f":{},"b":{},"_coverageSchema":"1a1c01bbd47fc00a2c39e90264f33305004495a9","hash":"8dc20684bcefec7133fb8614e028da3843cd7eb4"}
,"/home/vaxeng/Downloads/API/routes/report.routes/income.route.js": {"path":"/home/vaxeng/Downloads/API/routes/report.routes/income.route.js","statementMap":{"0":{"start":{"line":2,"column":16},"end":{"line":2,"column":34}},"1":{"start":{"line":4,"column":15},"end":{"line":4,"column":31}},"2":{"start":{"line":6,"column":12},"end":{"line":6,"column":77}},"3":{"start":{"line":37,"column":0},"end":{"line":37,"column":61}},"4":{"start":{"line":67,"column":0},"end":{"line":67,"column":90}},"5":{"start":{"line":98,"column":0},"end":{"line":98,"column":76}},"6":{"start":{"line":135,"column":0},"end":{"line":135,"column":105}},"7":{"start":{"line":166,"column":1},"end":{"line":166,"column":77}},"8":{"start":{"line":167,"column":0},"end":{"line":167,"column":23}}},"fnMap":{},"branchMap":{},"s":{"0":24,"1":24,"2":24,"3":24,"4":24,"5":24,"6":24,"7":24,"8":24},"f":{},"b":{},"_coverageSchema":"1a1c01bbd47fc00a2c39e90264f33305004495a9","hash":"dc901d5c00902cbb6745be957b57f7d4b79a1e02"}
,"/home/vaxeng/Downloads/API/routes/report.routes/own.all.route.js": {"path":"/home/vaxeng/Downloads/API/routes/report.routes/own.all.route.js","statementMap":{"0":{"start":{"line":2,"column":16},"end":{"line":2,"column":34}},"1":{"start":{"line":4,"column":15},"end":{"line":4,"column":31}},"2":{"start":{"line":6,"column":15},"end":{"line":6,"column":81}},"3":{"start":{"line":37,"column":0},"end":{"line":37,"column":66}},"4":{"start":{"line":67,"column":0},"end":{"line":67,"column":95}},"5":{"start":{"line":98,"column":0},"end":{"line":98,"column":81}},"6":{"start":{"line":135,"column":0},"end":{"line":135,"column":110}},"7":{"start":{"line":138,"column":0},"end":{"line":138,"column":23}}},"fnMap":{},"branchMap":{},"s":{"0":24,"1":24,"2":24,"3":24,"4":24,"5":24,"6":24,"7":24},"f":{},"b":{},"_coverageSchema":"1a1c01bbd47fc00a2c39e90264f33305004495a9","hash":"d74fcd4f77749981c49188539f59d014a3c01240"}
,"/home/vaxeng/Downloads/API/routes/report.routes/own.some.route.js": {"path":"/home/vaxeng/Downloads/API/routes/report.routes/own.some.route.js","statementMap":{"0":{"start":{"line":2,"column":16},"end":{"line":2,"column":34}},"1":{"start":{"line":4,"column":15},"end":{"line":4,"column":31}},"2":{"start":{"line":6,"column":15},"end":{"line":6,"column":82}},"3":{"start":{"line":37,"column":0},"end":{"line":37,"column":68}},"4":{"start":{"line":67,"column":0},"end":{"line":67,"column":96}},"5":{"start":{"line":98,"column":0},"end":{"line":98,"column":83}},"6":{"start":{"line":135,"column":0},"end":{"line":135,"column":112}},"7":{"start":{"line":138,"column":0},"end":{"line":138,"column":23}}},"fnMap":{},"branchMap":{},"s":{"0":24,"1":24,"2":24,"3":24,"4":24,"5":24,"6":24,"7":24},"f":{},"b":{},"_coverageSchema":"1a1c01bbd47fc00a2c39e90264f33305004495a9","hash":"869aa3d49d1fe7858bf126eb5a135c875f13b8dc"}
,"/home/vaxeng/Downloads/API/routes/report.routes/report.lottery.not.sell.route.js": {"path":"/home/vaxeng/Downloads/API/routes/report.routes/report.lottery.not.sell.route.js","statementMap":{"0":{"start":{"line":2,"column":16},"end":{"line":2,"column":34}},"1":{"start":{"line":3,"column":15},"end":{"line":3,"column":31}},"2":{"start":{"line":4,"column":20},"end":{"line":4,"column":102}},"3":{"start":{"line":43,"column":0},"end":{"line":43,"column":89}},"4":{"start":{"line":80,"column":0},"end":{"line":80,"column":99}},"5":{"start":{"line":103,"column":1},"end":{"line":103,"column":74}},"6":{"start":{"line":105,"column":0},"end":{"line":105,"column":23}}},"fnMap":{},"branchMap":{},"s":{"0":24,"1":24,"2":24,"3":24,"4":24,"5":24,"6":24},"f":{},"b":{},"_coverageSchema":"1a1c01bbd47fc00a2c39e90264f33305004495a9","hash":"2586cd9861a2d8e64d1ef84c28afe7b65f43005f"}
,"/home/vaxeng/Downloads/API/routes/report.routes/report.num6.route.js": {"path":"/home/vaxeng/Downloads/API/routes/report.routes/report.num6.route.js","statementMap":{"0":{"start":{"line":2,"column":16},"end":{"line":2,"column":34}},"1":{"start":{"line":3,"column":15},"end":{"line":3,"column":31}},"2":{"start":{"line":4,"column":13},"end":{"line":4,"column":83}},"3":{"start":{"line":6,"column":0},"end":{"line":6,"column":39}},"4":{"start":{"line":8,"column":0},"end":{"line":8,"column":23}}},"fnMap":{},"branchMap":{},"s":{"0":24,"1":24,"2":24,"3":24,"4":24},"f":{},"b":{},"_coverageSchema":"1a1c01bbd47fc00a2c39e90264f33305004495a9","hash":"acda06c4a3862443954a4c96fb0ef45988ac1816"}
,"/home/vaxeng/Downloads/API/routes/report.routes/report.selllessthan.route.js": {"path":"/home/vaxeng/Downloads/API/routes/report.routes/report.selllessthan.route.js","statementMap":{"0":{"start":{"line":1,"column":16},"end":{"line":1,"column":34}},"1":{"start":{"line":3,"column":15},"end":{"line":3,"column":31}},"2":{"start":{"line":5,"column":21},"end":{"line":5,"column":99}},"3":{"start":{"line":7,"column":0},"end":{"line":7,"column":82}},"4":{"start":{"line":8,"column":0},"end":{"line":8,"column":97}},"5":{"start":{"line":10,"column":0},"end":{"line":10,"column":23}}},"fnMap":{},"branchMap":{},"s":{"0":24,"1":24,"2":24,"3":24,"4":24,"5":24},"f":{},"b":{},"_coverageSchema":"1a1c01bbd47fc00a2c39e90264f33305004495a9","hash":"58c6334922de021aa59848470f8e1f855f69676e"}
,"/home/vaxeng/Downloads/API/routes/report.routes/report_lottery_free.route.js": {"path":"/home/vaxeng/Downloads/API/routes/report.routes/report_lottery_free.route.js","statementMap":{"0":{"start":{"line":2,"column":16},"end":{"line":2,"column":34}},"1":{"start":{"line":4,"column":15},"end":{"line":4,"column":31}},"2":{"start":{"line":6,"column":21},"end":{"line":6,"column":99}},"3":{"start":{"line":34,"column":0},"end":{"line":34,"column":61}},"4":{"start":{"line":61,"column":0},"end":{"line":61,"column":72}},"5":{"start":{"line":82,"column":1},"end":{"line":82,"column":69}},"6":{"start":{"line":84,"column":0},"end":{"line":84,"column":23}}},"fnMap":{},"branchMap":{},"s":{"0":24,"1":24,"2":24,"3":24,"4":24,"5":24,"6":24},"f":{},"b":{},"_coverageSchema":"1a1c01bbd47fc00a2c39e90264f33305004495a9","hash":"359bc17c239cdff58d04c9e80ecd4cfcf523dd10"}
,"/home/vaxeng/Downloads/API/routes/report.routes/report_lottery_sell.route.js": {"path":"/home/vaxeng/Downloads/API/routes/report.routes/report_lottery_sell.route.js","statementMap":{"0":{"start":{"line":2,"column":16},"end":{"line":2,"column":34}},"1":{"start":{"line":4,"column":15},"end":{"line":4,"column":31}},"2":{"start":{"line":6,"column":21},"end":{"line":6,"column":96}},"3":{"start":{"line":50,"column":0},"end":{"line":50,"column":74}},"4":{"start":{"line":72,"column":1},"end":{"line":72,"column":69}},"5":{"start":{"line":75,"column":0},"end":{"line":75,"column":23}}},"fnMap":{},"branchMap":{},"s":{"0":24,"1":24,"2":24,"3":24,"4":24,"5":24},"f":{},"b":{},"_coverageSchema":"1a1c01bbd47fc00a2c39e90264f33305004495a9","hash":"92714e042eca0293a55668cff3003a4f46958eb9"}
,"/home/vaxeng/Downloads/API/routes/report.routes/sum.own.all.route.js": {"path":"/home/vaxeng/Downloads/API/routes/report.routes/sum.own.all.route.js","statementMap":{"0":{"start":{"line":2,"column":16},"end":{"line":2,"column":34}},"1":{"start":{"line":4,"column":15},"end":{"line":4,"column":31}},"2":{"start":{"line":6,"column":12},"end":{"line":6,"column":82}},"3":{"start":{"line":37,"column":0},"end":{"line":37,"column":71}},"4":{"start":{"line":67,"column":0},"end":{"line":67,"column":100}},"5":{"start":{"line":98,"column":0},"end":{"line":98,"column":86}},"6":{"start":{"line":135,"column":0},"end":{"line":135,"column":115}},"7":{"start":{"line":138,"column":0},"end":{"line":138,"column":23}}},"fnMap":{},"branchMap":{},"s":{"0":24,"1":24,"2":24,"3":24,"4":24,"5":24,"6":24,"7":24},"f":{},"b":{},"_coverageSchema":"1a1c01bbd47fc00a2c39e90264f33305004495a9","hash":"1db754956defb321ee7bc6595ff040a1a4ae283b"}
,"/home/vaxeng/Downloads/API/routes/report.routes/sum.own.some.route.js": {"path":"/home/vaxeng/Downloads/API/routes/report.routes/sum.own.some.route.js","statementMap":{"0":{"start":{"line":2,"column":16},"end":{"line":2,"column":34}},"1":{"start":{"line":4,"column":15},"end":{"line":4,"column":31}},"2":{"start":{"line":6,"column":12},"end":{"line":6,"column":83}},"3":{"start":{"line":37,"column":0},"end":{"line":37,"column":73}},"4":{"start":{"line":67,"column":0},"end":{"line":67,"column":102}},"5":{"start":{"line":98,"column":0},"end":{"line":98,"column":95}},"6":{"start":{"line":135,"column":0},"end":{"line":135,"column":117}},"7":{"start":{"line":138,"column":0},"end":{"line":138,"column":23}}},"fnMap":{},"branchMap":{},"s":{"0":24,"1":24,"2":24,"3":24,"4":24,"5":24,"6":24,"7":24},"f":{},"b":{},"_coverageSchema":"1a1c01bbd47fc00a2c39e90264f33305004495a9","hash":"758798d0344c2c7460d4307d9f9c83d92ceedb3b"}
}
