TN:
SF:server.js
FN:12,(anonymous_0)
FN:110,(anonymous_1)
FNF:2
FNH:1
FNDA:22,(anonymous_0)
FNDA:0,(anonymous_1)
DA:1,24
DA:2,24
DA:4,24
DA:5,24
DA:7,24
DA:8,24
DA:9,24
DA:12,24
DA:13,22
DA:14,0
DA:17,22
DA:18,22
DA:24,24
DA:25,24
DA:26,24
DA:27,24
DA:28,24
DA:29,24
DA:30,24
DA:31,24
DA:32,24
DA:33,24
DA:34,24
DA:36,24
DA:37,24
DA:40,24
DA:41,24
DA:42,24
DA:43,24
DA:44,24
DA:45,24
DA:46,24
DA:47,24
DA:48,24
DA:49,24
DA:50,24
DA:51,24
DA:52,24
DA:55,24
DA:57,24
DA:59,24
DA:60,24
DA:61,24
DA:62,24
DA:63,24
DA:64,24
DA:65,24
DA:66,24
DA:67,24
DA:68,24
DA:69,24
DA:70,24
DA:71,24
DA:72,24
DA:73,24
DA:74,24
DA:75,24
DA:76,24
DA:77,24
DA:78,24
DA:79,24
DA:80,24
DA:81,24
DA:82,24
DA:83,24
DA:84,24
DA:86,24
DA:107,24
DA:108,24
DA:110,24
DA:111,0
DA:115,24
DA:117,24
DA:118,24
LF:74
LH:72
BRDA:13,0,0,0
BRDA:13,0,1,22
BRDA:17,1,0,22
BRDA:17,1,1,0
BRDA:115,2,0,24
BRDA:115,2,1,24
BRF:6
BRH:4
end_of_record
TN:
SF:controllers/CRUD.controllers/brance.controller.js
FN:6,(anonymous_0)
FN:12,(anonymous_1)
FN:28,(anonymous_2)
FN:35,(anonymous_3)
FN:50,(anonymous_4)
FN:57,(anonymous_5)
FN:73,(anonymous_6)
FN:82,(anonymous_7)
FNF:8
FNH:8
FNDA:1,(anonymous_0)
FNDA:1,(anonymous_1)
FNDA:1,(anonymous_2)
FNDA:1,(anonymous_3)
FNDA:1,(anonymous_4)
FNDA:1,(anonymous_5)
FNDA:1,(anonymous_6)
FNDA:1,(anonymous_7)
DA:2,24
DA:6,24
DA:8,1
DA:9,1
DA:11,1
DA:14,1
DA:15,0
DA:18,1
DA:22,0
DA:28,24
DA:30,1
DA:31,1
DA:32,1
DA:36,1
DA:37,0
DA:40,1
DA:44,0
DA:50,24
DA:52,1
DA:53,1
DA:55,1
DA:59,1
DA:60,0
DA:63,1
DA:67,0
DA:73,24
DA:75,1
DA:76,1
DA:78,1
DA:79,0
DA:82,1
DA:84,1
DA:85,0
DA:88,1
DA:92,0
LF:35
LH:26
BRDA:14,0,0,0
BRDA:14,0,1,1
BRDA:36,1,0,0
BRDA:36,1,1,1
BRDA:59,2,0,0
BRDA:59,2,1,1
BRDA:78,3,0,0
BRDA:78,3,1,1
BRDA:84,4,0,0
BRDA:84,4,1,1
BRF:10
BRH:5
end_of_record
TN:
SF:controllers/CRUD.controllers/company.controller.js
FN:7,(anonymous_0)
FN:15,(anonymous_1)
FN:29,(anonymous_2)
FN:32,(anonymous_3)
FN:49,(anonymous_4)
FN:57,(anonymous_5)
FNF:6
FNH:0
FNDA:0,(anonymous_0)
FNDA:0,(anonymous_1)
FNDA:0,(anonymous_2)
FNDA:0,(anonymous_3)
FNDA:0,(anonymous_4)
FNDA:0,(anonymous_5)
DA:2,24
DA:7,24
DA:9,0
DA:11,0
DA:13,0
DA:17,0
DA:19,0
DA:21,0
DA:25,0
DA:29,24
DA:31,0
DA:32,0
DA:34,0
DA:36,0
DA:40,0
DA:45,0
DA:49,24
DA:51,0
DA:53,0
DA:55,0
DA:59,0
DA:61,0
DA:63,0
DA:66,0
LF:24
LH:4
BRDA:17,0,0,0
BRDA:17,0,1,0
BRDA:34,1,0,0
BRDA:34,1,1,0
BRDA:59,2,0,0
BRDA:59,2,1,0
BRF:6
BRH:0
end_of_record
TN:
SF:controllers/CRUD.controllers/installment.controller.js
FN:6,(anonymous_0)
FN:15,(anonymous_1)
FN:28,(anonymous_2)
FN:38,(anonymous_3)
FNF:4
FNH:4
FNDA:2,(anonymous_0)
FNDA:1,(anonymous_1)
FNDA:1,(anonymous_2)
FNDA:1,(anonymous_3)
DA:2,24
DA:6,24
DA:8,2
DA:9,2
DA:11,2
DA:12,1
DA:15,1
DA:17,1
DA:19,0
DA:22,0
DA:28,24
DA:30,1
DA:31,1
DA:32,1
DA:39,1
DA:40,1
DA:42,0
DA:46,0
LF:18
LH:14
BRDA:11,0,0,1
BRDA:11,0,1,1
BRDA:17,1,0,1
BRDA:17,1,1,0
BRDA:39,2,0,1
BRDA:39,2,1,0
BRF:6
BRH:4
end_of_record
TN:
SF:controllers/CRUD.controllers/lottery.controller.js
FN:6,(anonymous_0)
FN:16,(anonymous_1)
FN:21,(anonymous_2)
FN:47,(anonymous_3)
FN:57,(anonymous_4)
FN:71,(anonymous_5)
FN:84,(anonymous_6)
FN:95,(anonymous_7)
FN:105,(anonymous_8)
FNF:9
FNH:8
FNDA:1,(anonymous_0)
FNDA:1,(anonymous_1)
FNDA:0,(anonymous_2)
FNDA:2,(anonymous_3)
FNDA:2,(anonymous_4)
FNDA:1,(anonymous_5)
FNDA:1,(anonymous_6)
FNDA:1,(anonymous_7)
FNDA:1,(anonymous_8)
DA:2,24
DA:3,24
DA:6,24
DA:8,1
DA:9,1
DA:11,1
DA:12,0
DA:16,1
DA:18,1
DA:19,1
DA:20,0
DA:23,0
DA:25,0
DA:30,1
DA:36,0
DA:41,0
DA:47,24
DA:49,2
DA:50,2
DA:52,2
DA:53,0
DA:56,2
DA:59,2
DA:60,0
DA:62,2
DA:65,0
DA:71,24
DA:73,1
DA:74,1
DA:76,1
DA:78,0
DA:81,1
DA:85,1
DA:86,0
DA:88,1
DA:91,0
DA:95,24
DA:96,1
DA:97,1
DA:106,1
DA:107,1
LF:41
LH:29
BRDA:11,0,0,0
BRDA:11,0,1,1
BRDA:18,1,0,1
BRDA:18,1,1,0
BRDA:19,2,0,0
BRDA:19,2,1,1
BRDA:19,3,0,1
BRDA:19,3,1,1
BRDA:23,4,0,0
BRDA:23,4,1,0
BRDA:52,5,0,0
BRDA:52,5,1,2
BRDA:59,6,0,0
BRDA:59,6,1,2
BRDA:76,7,0,0
BRDA:76,7,1,1
BRDA:85,8,0,0
BRDA:85,8,1,1
BRDA:106,9,0,0
BRDA:106,9,1,1
BRF:20
BRH:10
end_of_record
TN:
SF:controllers/CRUD.controllers/lottery_out.controller.js
FN:6,(anonymous_0)
FN:14,(anonymous_1)
FNF:2
FNH:0
FNDA:0,(anonymous_0)
FNDA:0,(anonymous_1)
DA:2,24
DA:6,24
DA:8,0
DA:9,0
DA:11,0
DA:12,0
DA:14,0
DA:16,0
DA:17,0
DA:18,0
DA:21,0
LF:11
LH:2
BRDA:11,0,0,0
BRDA:11,0,1,0
BRDA:16,1,0,0
BRDA:16,1,1,0
BRF:4
BRH:0
end_of_record
TN:
SF:controllers/CRUD.controllers/move_lottery.controller.js
FN:4,(anonymous_0)
FN:14,(anonymous_1)
FNF:2
FNH:2
FNDA:1,(anonymous_0)
FNDA:1,(anonymous_1)
DA:1,24
DA:4,24
DA:7,1
DA:9,1
DA:10,0
DA:13,1
DA:14,1
DA:17,1
DA:18,0
DA:21,0
LF:10
LH:7
BRDA:9,0,0,0
BRDA:9,0,1,1
BRDA:9,1,0,1
BRDA:9,1,1,1
BRDA:17,2,0,1
BRDA:17,2,1,0
BRF:6
BRH:4
end_of_record
TN:
SF:controllers/CRUD.controllers/persent.controller.js
FN:4,(anonymous_0)
FN:6,(anonymous_1)
FN:15,(anonymous_2)
FN:18,(anonymous_3)
FNF:4
FNH:4
FNDA:1,(anonymous_0)
FNDA:1,(anonymous_1)
FNDA:1,(anonymous_2)
FNDA:1,(anonymous_3)
DA:2,24
DA:4,24
DA:5,1
DA:6,1
DA:7,1
DA:8,1
DA:11,0
DA:15,24
DA:16,1
DA:17,1
DA:18,1
DA:19,1
DA:20,1
DA:23,0
LF:14
LH:12
BRDA:7,0,0,1
BRDA:7,0,1,0
BRDA:19,1,0,1
BRDA:19,1,1,0
BRF:4
BRH:2
end_of_record
TN:
SF:controllers/CRUD.controllers/seller.controller.js
FN:7,(anonymous_0)
FN:23,(anonymous_1)
FN:28,(anonymous_2)
FN:36,(anonymous_3)
FN:52,(anonymous_4)
FN:64,(anonymous_5)
FN:79,(anonymous_6)
FN:88,(anonymous_7)
FN:101,(anonymous_8)
FN:113,(anonymous_9)
FNF:10
FNH:6
FNDA:2,(anonymous_0)
FNDA:2,(anonymous_1)
FNDA:2,(anonymous_2)
FNDA:2,(anonymous_3)
FNDA:0,(anonymous_4)
FNDA:0,(anonymous_5)
FNDA:0,(anonymous_6)
FNDA:0,(anonymous_7)
FNDA:1,(anonymous_8)
FNDA:1,(anonymous_9)
DA:2,24
DA:7,24
DA:8,2
DA:10,2
DA:12,2
DA:14,2
DA:16,2
DA:17,0
DA:20,2
DA:25,2
DA:28,2
DA:32,2
DA:33,2
DA:35,2
DA:42,2
DA:47,0
DA:52,24
DA:53,0
DA:55,0
DA:57,0
DA:58,0
DA:61,0
DA:66,0
DA:67,0
DA:72,0
DA:79,24
DA:81,0
DA:82,0
DA:84,0
DA:85,0
DA:88,0
DA:90,0
DA:92,0
DA:97,0
DA:101,24
DA:103,1
DA:104,1
DA:115,1
DA:117,1
LF:39
LH:21
BRDA:16,0,0,0
BRDA:16,0,1,2
BRDA:16,1,0,2
BRDA:16,1,1,2
BRDA:25,2,0,0
BRDA:25,2,1,2
BRDA:57,3,0,0
BRDA:57,3,1,0
BRDA:57,4,0,0
BRDA:57,4,1,0
BRDA:66,5,0,0
BRDA:66,5,1,0
BRDA:84,6,0,0
BRDA:84,6,1,0
BRDA:90,7,0,0
BRDA:90,7,1,0
BRDA:115,8,0,0
BRDA:115,8,1,1
BRF:18
BRH:5
end_of_record
TN:
SF:controllers/CRUD.controllers/thork.controller.js
FN:4,(anonymous_0)
FN:13,(anonymous_1)
FN:20,(anonymous_2)
FN:40,(anonymous_3)
FN:50,(anonymous_4)
FN:61,(anonymous_5)
FN:76,(anonymous_6)
FN:84,(anonymous_7)
FN:102,(anonymous_8)
FN:129,(anonymous_9)
FN:140,(anonymous_10)
FN:162,(anonymous_11)
FN:173,(anonymous_12)
FN:195,(anonymous_13)
FNF:14
FNH:13
FNDA:1,(anonymous_0)
FNDA:1,(anonymous_1)
FNDA:1,(anonymous_2)
FNDA:1,(anonymous_3)
FNDA:1,(anonymous_4)
FNDA:0,(anonymous_5)
FNDA:1,(anonymous_6)
FNDA:1,(anonymous_7)
FNDA:1,(anonymous_8)
FNDA:1,(anonymous_9)
FNDA:1,(anonymous_10)
FNDA:1,(anonymous_11)
FNDA:1,(anonymous_12)
FNDA:1,(anonymous_13)
DA:2,24
DA:4,24
DA:6,1
DA:7,1
DA:12,1
DA:15,1
DA:17,1
DA:18,1
DA:22,1
DA:24,1
DA:28,0
DA:33,0
DA:40,24
DA:42,1
DA:43,1
DA:44,1
DA:45,1
DA:49,1
DA:52,1
DA:54,1
DA:55,1
DA:56,0
DA:58,0
DA:63,0
DA:65,0
DA:71,0
DA:76,24
DA:77,1
DA:78,1
DA:80,1
DA:81,0
DA:84,1
DA:85,1
DA:86,1
DA:88,1
DA:89,1
DA:92,0
DA:94,1
DA:97,0
DA:102,24
DA:103,1
DA:104,1
DA:105,1
DA:131,1
DA:132,1
DA:135,0
DA:136,0
DA:140,24
DA:141,1
DA:142,1
DA:143,1
DA:144,1
DA:145,1
DA:164,1
DA:166,1
DA:169,0
DA:173,24
DA:174,1
DA:175,1
DA:176,1
DA:177,1
DA:178,1
DA:197,1
DA:199,1
DA:202,0
LF:65
LH:51
BRDA:15,0,0,0
BRDA:15,0,1,1
BRDA:17,1,0,1
BRDA:17,1,1,0
BRDA:17,2,0,1
BRDA:17,2,1,1
BRDA:22,3,0,0
BRDA:22,3,1,1
BRDA:52,4,0,0
BRDA:52,4,1,1
BRDA:63,5,0,0
BRDA:63,5,1,0
BRDA:80,6,0,0
BRDA:80,6,1,1
BRDA:85,7,0,0
BRDA:85,7,1,1
BRDA:88,8,0,1
BRDA:88,8,1,0
BRDA:131,9,0,0
BRDA:131,9,1,1
BRDA:164,10,0,0
BRDA:164,10,1,1
BRDA:197,11,0,0
BRDA:197,11,1,1
BRF:24
BRH:12
end_of_record
TN:
SF:controllers/CRUD.controllers/unit.controller.js
FN:7,(anonymous_0)
FN:17,(anonymous_1)
FN:32,(anonymous_2)
FN:40,(anonymous_3)
FN:52,(anonymous_4)
FN:60,(anonymous_5)
FN:71,(anonymous_6)
FN:78,(anonymous_7)
FNF:8
FNH:8
FNDA:1,(anonymous_0)
FNDA:1,(anonymous_1)
FNDA:1,(anonymous_2)
FNDA:1,(anonymous_3)
FNDA:1,(anonymous_4)
FNDA:1,(anonymous_5)
FNDA:1,(anonymous_6)
FNDA:1,(anonymous_7)
DA:2,24
DA:7,24
DA:9,1
DA:11,1
DA:12,1
DA:13,0
DA:16,1
DA:19,1
DA:21,1
DA:25,0
DA:32,24
DA:33,1
DA:34,1
DA:36,1
DA:37,0
DA:39,1
DA:42,1
DA:43,0
DA:47,0
DA:52,24
DA:54,1
DA:55,1
DA:57,1
DA:58,0
DA:60,1
DA:62,1
DA:64,1
DA:67,0
DA:71,24
DA:73,1
DA:74,1
DA:75,1
DA:80,1
DA:82,1
DA:85,0
LF:35
LH:27
BRDA:12,0,0,0
BRDA:12,0,1,1
BRDA:12,1,0,1
BRDA:12,1,1,1
BRDA:12,1,2,1
BRDA:19,2,0,0
BRDA:19,2,1,1
BRDA:36,3,0,0
BRDA:36,3,1,1
BRDA:36,4,0,1
BRDA:36,4,1,1
BRDA:36,4,2,1
BRDA:36,4,3,1
BRDA:42,5,0,1
BRDA:42,5,1,0
BRDA:57,6,0,0
BRDA:57,6,1,1
BRDA:62,7,0,0
BRDA:62,7,1,1
BRDA:80,8,0,0
BRDA:80,8,1,1
BRF:21
BRH:14
end_of_record
TN:
SF:controllers/CRUD.controllers/user.controller.js
FN:6,(anonymous_0)
FN:16,(anonymous_1)
FN:29,(anonymous_2)
FN:38,(anonymous_3)
FN:49,(anonymous_4)
FN:58,(anonymous_5)
FN:69,(anonymous_6)
FN:77,(anonymous_7)
FNF:8
FNH:8
FNDA:1,(anonymous_0)
FNDA:1,(anonymous_1)
FNDA:1,(anonymous_2)
FNDA:1,(anonymous_3)
FNDA:1,(anonymous_4)
FNDA:1,(anonymous_5)
FNDA:1,(anonymous_6)
FNDA:1,(anonymous_7)
DA:1,24
DA:2,24
DA:6,24
DA:8,1
DA:9,1
DA:11,1
DA:12,0
DA:15,1
DA:18,1
DA:20,1
DA:23,0
DA:29,24
DA:30,1
DA:31,1
DA:33,1
DA:34,0
DA:37,1
DA:40,1
DA:42,1
DA:45,0
DA:49,24
DA:50,1
DA:51,1
DA:53,1
DA:54,0
DA:57,1
DA:60,1
DA:62,1
DA:65,0
DA:69,24
DA:70,1
DA:71,1
DA:72,1
DA:79,1
DA:81,1
DA:84,0
LF:36
LH:29
BRDA:11,0,0,0
BRDA:11,0,1,1
BRDA:11,1,0,1
BRDA:11,1,1,1
BRDA:11,1,2,1
BRDA:11,1,3,1
BRDA:18,2,0,0
BRDA:18,2,1,1
BRDA:33,3,0,0
BRDA:33,3,1,1
BRDA:33,4,0,1
BRDA:33,4,1,1
BRDA:33,4,2,1
BRDA:33,4,3,1
BRDA:33,4,4,1
BRDA:40,5,0,0
BRDA:40,5,1,1
BRDA:53,6,0,0
BRDA:53,6,1,1
BRDA:60,7,0,0
BRDA:60,7,1,1
BRDA:79,8,0,0
BRDA:79,8,1,1
BRF:23
BRH:16
end_of_record
TN:
SF:controllers/import.controllers/sell.controller.js
FN:8,(anonymous_0)
FN:108,(anonymous_1)
FN:118,(anonymous_2)
FN:129,(anonymous_3)
FN:135,(anonymous_4)
FN:167,(anonymous_5)
FN:177,(anonymous_6)
FNF:7
FNH:0
FNDA:0,(anonymous_0)
FNDA:0,(anonymous_1)
FNDA:0,(anonymous_2)
FNDA:0,(anonymous_3)
FNDA:0,(anonymous_4)
FNDA:0,(anonymous_5)
FNDA:0,(anonymous_6)
DA:2,24
DA:3,24
DA:4,24
DA:8,24
DA:10,0
DA:11,0
DA:14,0
DA:15,0
DA:16,0
DA:17,0
DA:19,0
DA:20,0
DA:23,0
DA:24,0
DA:25,0
DA:26,0
DA:29,0
DA:30,0
DA:32,0
DA:33,0
DA:34,0
DA:35,0
DA:36,0
DA:37,0
DA:38,0
DA:42,0
DA:45,0
DA:46,0
DA:49,0
DA:50,0
DA:53,0
DA:54,0
DA:57,0
DA:58,0
DA:61,0
DA:62,0
DA:65,0
DA:66,0
DA:69,0
DA:70,0
DA:76,0
DA:77,0
DA:79,0
DA:80,0
DA:82,0
DA:83,0
DA:85,0
DA:86,0
DA:88,0
DA:89,0
DA:92,0
DA:93,0
DA:95,0
DA:96,0
DA:101,0
DA:102,0
DA:103,0
DA:108,0
DA:110,0
DA:112,0
DA:113,0
DA:118,0
DA:120,0
DA:122,0
DA:123,0
DA:124,0
DA:125,0
DA:129,0
DA:131,0
DA:133,0
DA:135,0
DA:136,0
DA:137,0
DA:144,0
DA:145,0
DA:146,0
DA:148,0
DA:150,0
DA:154,0
DA:155,0
DA:157,0
DA:158,0
DA:161,0
DA:166,0
DA:168,0
DA:170,0
DA:174,0
DA:179,0
DA:180,0
DA:185,0
LF:90
LH:4
BRDA:10,0,0,0
BRDA:10,0,1,0
BRDA:24,1,0,0
BRDA:24,1,1,0
BRDA:26,2,0,0
BRDA:26,2,1,0
BRDA:45,3,0,0
BRDA:45,3,1,0
BRDA:49,4,0,0
BRDA:49,4,1,0
BRDA:53,5,0,0
BRDA:53,5,1,0
BRDA:57,6,0,0
BRDA:57,6,1,0
BRDA:61,7,0,0
BRDA:61,7,1,0
BRDA:65,8,0,0
BRDA:65,8,1,0
BRDA:69,9,0,0
BRDA:69,9,1,0
BRDA:110,10,0,0
BRDA:110,10,1,0
BRDA:120,11,0,0
BRDA:120,11,1,0
BRDA:131,12,0,0
BRDA:131,12,1,0
BRDA:133,13,0,0
BRDA:133,13,1,0
BRDA:133,14,0,0
BRDA:133,14,1,0
BRDA:136,15,0,0
BRDA:136,15,1,0
BRDA:154,16,0,0
BRDA:154,16,1,0
BRDA:168,17,0,0
BRDA:168,17,1,0
BRDA:170,18,0,0
BRDA:170,18,1,0
BRDA:170,19,0,0
BRDA:170,19,1,0
BRDA:179,20,0,0
BRDA:179,20,1,0
BRF:42
BRH:0
end_of_record
TN:
SF:controllers/import.controllers/win.controller.js
FN:5,(anonymous_0)
FN:108,(anonymous_1)
FN:118,(anonymous_2)
FN:130,(anonymous_3)
FN:136,(anonymous_4)
FN:166,(anonymous_5)
FN:176,(anonymous_6)
FN:199,(anonymous_7)
FN:202,(anonymous_8)
FNF:9
FNH:0
FNDA:0,(anonymous_0)
FNDA:0,(anonymous_1)
FNDA:0,(anonymous_2)
FNDA:0,(anonymous_3)
FNDA:0,(anonymous_4)
FNDA:0,(anonymous_5)
FNDA:0,(anonymous_6)
FNDA:0,(anonymous_7)
FNDA:0,(anonymous_8)
DA:2,24
DA:3,24
DA:5,24
DA:7,0
DA:9,0
DA:10,0
DA:13,0
DA:14,0
DA:15,0
DA:16,0
DA:18,0
DA:19,0
DA:22,0
DA:23,0
DA:25,0
DA:26,0
DA:29,0
DA:30,0
DA:32,0
DA:34,0
DA:35,0
DA:36,0
DA:37,0
DA:38,0
DA:39,0
DA:42,0
DA:45,0
DA:46,0
DA:50,0
DA:51,0
DA:54,0
DA:55,0
DA:58,0
DA:59,0
DA:62,0
DA:63,0
DA:66,0
DA:67,0
DA:70,0
DA:71,0
DA:76,0
DA:77,0
DA:79,0
DA:80,0
DA:82,0
DA:83,0
DA:85,0
DA:86,0
DA:88,0
DA:89,0
DA:91,0
DA:92,0
DA:94,0
DA:95,0
DA:97,0
DA:98,0
DA:99,0
DA:100,0
DA:102,0
DA:103,0
DA:108,0
DA:110,0
DA:112,0
DA:113,0
DA:118,0
DA:120,0
DA:122,0
DA:123,0
DA:125,0
DA:126,0
DA:130,0
DA:132,0
DA:134,0
DA:136,0
DA:137,0
DA:138,0
DA:145,0
DA:146,0
DA:147,0
DA:149,0
DA:151,0
DA:156,0
DA:157,0
DA:160,0
DA:165,0
DA:167,0
DA:169,0
DA:173,0
DA:177,0
DA:178,0
DA:183,0
DA:191,0
DA:192,0
DA:199,24
DA:201,0
DA:202,0
DA:204,0
DA:206,0
DA:209,0
LF:99
LH:4
BRDA:9,0,0,0
BRDA:9,0,1,0
BRDA:23,1,0,0
BRDA:23,1,1,0
BRDA:26,2,0,0
BRDA:26,2,1,0
BRDA:45,3,0,0
BRDA:45,3,1,0
BRDA:50,4,0,0
BRDA:50,4,1,0
BRDA:54,5,0,0
BRDA:54,5,1,0
BRDA:58,6,0,0
BRDA:58,6,1,0
BRDA:62,7,0,0
BRDA:62,7,1,0
BRDA:66,8,0,0
BRDA:66,8,1,0
BRDA:70,9,0,0
BRDA:70,9,1,0
BRDA:102,10,0,0
BRDA:102,10,1,0
BRDA:110,11,0,0
BRDA:110,11,1,0
BRDA:120,12,0,0
BRDA:120,12,1,0
BRDA:132,13,0,0
BRDA:132,13,1,0
BRDA:134,14,0,0
BRDA:134,14,1,0
BRDA:134,15,0,0
BRDA:134,15,1,0
BRDA:137,16,0,0
BRDA:137,16,1,0
BRDA:156,17,0,0
BRDA:156,17,1,0
BRDA:167,18,0,0
BRDA:167,18,1,0
BRDA:169,19,0,0
BRDA:169,19,1,0
BRDA:169,20,0,0
BRDA:169,20,1,0
BRDA:177,21,0,0
BRDA:177,21,1,0
BRDA:204,22,0,0
BRDA:204,22,1,0
BRF:46
BRH:0
end_of_record
TN:
SF:controllers/report.comtrollers/dasboard_grash_income.controller.js
FN:4,(anonymous_0)
FN:23,(anonymous_1)
FN:36,(anonymous_2)
FN:55,(anonymous_3)
FNF:4
FNH:4
FNDA:2,(anonymous_0)
FNDA:2,(anonymous_1)
FNDA:1,(anonymous_2)
FNDA:1,(anonymous_3)
DA:2,24
DA:4,24
DA:6,2
DA:8,2
DA:9,2
DA:11,2
DA:25,2
DA:27,2
DA:31,0
DA:36,24
DA:38,1
DA:40,1
DA:41,1
DA:42,1
DA:43,1
DA:57,1
DA:59,1
DA:63,0
LF:18
LH:16
BRDA:25,0,0,0
BRDA:25,0,1,2
BRDA:57,1,0,0
BRDA:57,1,1,1
BRF:4
BRH:2
end_of_record
TN:
SF:controllers/report.comtrollers/dasboard_grash_own.controller.js
FN:3,(anonymous_0)
FN:23,(anonymous_1)
FN:33,(anonymous_2)
FN:55,(anonymous_3)
FNF:4
FNH:2
FNDA:0,(anonymous_0)
FNDA:0,(anonymous_1)
FNDA:1,(anonymous_2)
FNDA:1,(anonymous_3)
DA:1,24
DA:3,24
DA:5,0
DA:6,0
DA:7,0
DA:9,0
DA:23,0
DA:24,0
DA:26,0
DA:30,0
DA:33,24
DA:35,1
DA:36,1
DA:37,1
DA:38,1
DA:40,1
DA:55,1
DA:56,1
DA:58,1
DA:62,0
LF:20
LH:11
BRDA:24,0,0,0
BRDA:24,0,1,0
BRDA:56,1,0,0
BRDA:56,1,1,1
BRF:4
BRH:1
end_of_record
TN:
SF:controllers/report.comtrollers/get.value.sell.controller.js
FN:3,(anonymous_0)
FN:28,(anonymous_1)
FN:39,(anonymous_2)
FN:65,(anonymous_3)
FN:78,(anonymous_4)
FN:88,(anonymous_5)
FN:111,(anonymous_6)
FN:140,(anonymous_7)
FN:160,(anonymous_8)
FN:169,(anonymous_9)
FN:192,(anonymous_10)
FN:222,(anonymous_11)
FNF:12
FNH:12
FNDA:1,(anonymous_0)
FNDA:1,(anonymous_1)
FNDA:1,(anonymous_2)
FNDA:1,(anonymous_3)
FNDA:1,(anonymous_4)
FNDA:1,(anonymous_5)
FNDA:1,(anonymous_6)
FNDA:1,(anonymous_7)
FNDA:1,(anonymous_8)
FNDA:1,(anonymous_9)
FNDA:1,(anonymous_10)
FNDA:1,(anonymous_11)
DA:1,24
DA:3,24
DA:4,1
DA:5,1
DA:6,1
DA:7,1
DA:30,1
DA:32,1
DA:35,0
DA:39,24
DA:40,1
DA:41,1
DA:42,1
DA:43,1
DA:44,1
DA:67,1
DA:69,1
DA:72,0
DA:78,24
DA:79,1
DA:80,1
DA:81,1
DA:84,1
DA:85,1
DA:88,1
DA:89,1
DA:91,1
DA:92,1
DA:97,1
DA:112,1
DA:115,1
DA:116,1
DA:119,1
DA:142,1
DA:144,1
DA:155,0
DA:160,24
DA:161,1
DA:162,1
DA:163,1
DA:164,1
DA:166,1
DA:167,1
DA:169,1
DA:171,1
DA:173,1
DA:174,1
DA:178,1
DA:193,1
DA:195,1
DA:196,1
DA:201,1
DA:223,1
DA:224,1
DA:229,0
LF:55
LH:51
BRDA:30,0,0,0
BRDA:30,0,1,1
BRDA:67,1,0,0
BRDA:67,1,1,1
BRDA:89,2,0,0
BRDA:89,2,1,1
BRDA:112,3,0,0
BRDA:112,3,1,1
BRDA:142,4,0,0
BRDA:142,4,1,1
BRDA:171,5,0,0
BRDA:171,5,1,1
BRDA:193,6,0,0
BRDA:193,6,1,1
BRDA:223,7,0,0
BRDA:223,7,1,1
BRF:16
BRH:8
end_of_record
TN:
SF:controllers/report.comtrollers/income.controller.js
FN:4,(anonymous_0)
FN:22,(anonymous_1)
FN:34,(anonymous_2)
FN:54,(anonymous_3)
FN:65,(anonymous_4)
FN:85,(anonymous_5)
FN:96,(anonymous_6)
FN:117,(anonymous_7)
FN:129,(anonymous_8)
FN:155,(anonymous_9)
FNF:10
FNH:8
FNDA:1,(anonymous_0)
FNDA:1,(anonymous_1)
FNDA:0,(anonymous_2)
FNDA:0,(anonymous_3)
FNDA:2,(anonymous_4)
FNDA:2,(anonymous_5)
FNDA:1,(anonymous_6)
FNDA:1,(anonymous_7)
FNDA:1,(anonymous_8)
FNDA:1,(anonymous_9)
DA:2,24
DA:4,24
DA:6,1
DA:8,1
DA:9,1
DA:11,1
DA:24,1
DA:26,1
DA:30,0
DA:34,24
DA:36,0
DA:38,0
DA:39,0
DA:40,0
DA:42,0
DA:55,0
DA:57,0
DA:61,0
DA:65,24
DA:67,2
DA:69,2
DA:70,2
DA:71,2
DA:73,2
DA:86,2
DA:88,2
DA:92,0
DA:96,24
DA:98,1
DA:100,1
DA:101,1
DA:102,1
DA:103,1
DA:105,1
DA:118,1
DA:120,1
DA:124,0
DA:129,24
DA:131,1
DA:133,1
DA:134,1
DA:135,1
DA:137,1
DA:156,1
DA:158,1
DA:162,0
LF:46
LH:34
BRDA:24,0,0,0
BRDA:24,0,1,1
BRDA:55,1,0,0
BRDA:55,1,1,0
BRDA:86,2,0,0
BRDA:86,2,1,2
BRDA:118,3,0,0
BRDA:118,3,1,1
BRDA:156,4,0,0
BRDA:156,4,1,1
BRF:10
BRH:4
end_of_record
TN:
SF:controllers/report.comtrollers/own.all.controller.js
FN:6,(anonymous_0)
FN:36,(anonymous_1)
FN:45,(anonymous_2)
FN:75,(anonymous_3)
FN:85,(anonymous_4)
FN:114,(anonymous_5)
FN:125,(anonymous_6)
FN:156,(anonymous_7)
FNF:8
FNH:0
FNDA:0,(anonymous_0)
FNDA:0,(anonymous_1)
FNDA:0,(anonymous_2)
FNDA:0,(anonymous_3)
FNDA:0,(anonymous_4)
FNDA:0,(anonymous_5)
FNDA:0,(anonymous_6)
FNDA:0,(anonymous_7)
DA:2,24
DA:4,24
DA:6,24
DA:8,0
DA:10,0
DA:11,0
DA:13,0
DA:36,0
DA:37,0
DA:38,0
DA:42,0
DA:45,24
DA:46,0
DA:48,0
DA:49,0
DA:50,0
DA:52,0
DA:75,0
DA:76,0
DA:78,0
DA:82,0
DA:85,24
DA:87,0
DA:89,0
DA:90,0
DA:91,0
DA:93,0
DA:114,0
DA:115,0
DA:117,0
DA:121,0
DA:125,24
DA:127,0
DA:129,0
DA:130,0
DA:131,0
DA:132,0
DA:134,0
DA:156,0
DA:157,0
DA:159,0
DA:163,0
LF:42
LH:6
BRDA:37,0,0,0
BRDA:37,0,1,0
BRDA:76,1,0,0
BRDA:76,1,1,0
BRDA:115,2,0,0
BRDA:115,2,1,0
BRDA:157,3,0,0
BRDA:157,3,1,0
BRF:8
BRH:0
end_of_record
TN:
SF:controllers/report.comtrollers/own.some.controller.js
FN:6,(anonymous_0)
FN:35,(anonymous_1)
FN:45,(anonymous_2)
FN:75,(anonymous_3)
FN:85,(anonymous_4)
FN:125,(anonymous_5)
FN:137,(anonymous_6)
FN:169,(anonymous_7)
FNF:8
FNH:6
FNDA:1,(anonymous_0)
FNDA:1,(anonymous_1)
FNDA:0,(anonymous_2)
FNDA:0,(anonymous_3)
FNDA:2,(anonymous_4)
FNDA:2,(anonymous_5)
FNDA:1,(anonymous_6)
FNDA:1,(anonymous_7)
DA:2,24
DA:6,24
DA:8,1
DA:10,1
DA:11,1
DA:13,1
DA:35,1
DA:36,1
DA:38,1
DA:42,0
DA:45,24
DA:46,0
DA:48,0
DA:49,0
DA:50,0
DA:52,0
DA:75,0
DA:76,0
DA:78,0
DA:82,0
DA:85,24
DA:87,2
DA:89,2
DA:90,2
DA:91,2
DA:93,2
DA:125,2
DA:126,2
DA:128,2
DA:132,0
DA:137,24
DA:139,1
DA:141,1
DA:142,1
DA:143,1
DA:144,1
DA:146,1
DA:169,1
DA:171,1
DA:173,1
DA:177,0
LF:41
LH:29
BRDA:36,0,0,0
BRDA:36,0,1,1
BRDA:76,1,0,0
BRDA:76,1,1,0
BRDA:126,2,0,0
BRDA:126,2,1,2
BRDA:171,3,0,0
BRDA:171,3,1,1
BRF:8
BRH:3
end_of_record
TN:
SF:controllers/report.comtrollers/report.lottery.not.sell.controller.js
FN:5,(anonymous_0)
FN:30,(anonymous_1)
FN:42,(anonymous_2)
FN:68,(anonymous_3)
FN:80,(anonymous_4)
FN:101,(anonymous_5)
FNF:6
FNH:6
FNDA:1,(anonymous_0)
FNDA:1,(anonymous_1)
FNDA:1,(anonymous_2)
FNDA:1,(anonymous_3)
FNDA:1,(anonymous_4)
FNDA:1,(anonymous_5)
DA:2,24
DA:5,24
DA:6,1
DA:8,1
DA:9,1
DA:11,1
DA:31,1
DA:33,1
DA:37,0
DA:42,24
DA:43,1
DA:45,1
DA:46,1
DA:47,1
DA:49,1
DA:70,1
DA:71,1
DA:75,0
DA:80,24
DA:81,1
DA:83,1
DA:85,1
DA:102,1
DA:103,1
DA:107,0
LF:25
LH:22
BRDA:31,0,0,0
BRDA:31,0,1,1
BRDA:70,1,0,0
BRDA:70,1,1,1
BRDA:102,2,0,0
BRDA:102,2,1,1
BRF:6
BRH:3
end_of_record
TN:
SF:controllers/report.comtrollers/report.num6.controller.js
FN:6,(anonymous_0)
FN:23,(anonymous_1)
FNF:2
FNH:2
FNDA:1,(anonymous_0)
FNDA:1,(anonymous_1)
DA:2,24
DA:6,24
DA:7,1
DA:9,1
DA:10,1
DA:25,1
DA:27,1
DA:31,0
LF:8
LH:7
BRDA:25,0,0,0
BRDA:25,0,1,1
BRF:2
BRH:1
end_of_record
TN:
SF:controllers/report.comtrollers/report.selllessthan.controller.js
FN:6,(anonymous_0)
FN:28,(anonymous_1)
FN:40,(anonymous_2)
FN:63,(anonymous_3)
FNF:4
FNH:4
FNDA:1,(anonymous_0)
FNDA:1,(anonymous_1)
FNDA:1,(anonymous_2)
FNDA:1,(anonymous_3)
DA:2,24
DA:6,24
DA:8,1
DA:9,1
DA:10,1
DA:11,1
DA:30,1
DA:32,1
DA:35,0
DA:40,24
DA:42,1
DA:43,1
DA:44,1
DA:45,1
DA:46,1
DA:65,1
DA:67,1
DA:70,0
LF:18
LH:16
BRDA:30,0,0,0
BRDA:30,0,1,1
BRDA:65,1,0,0
BRDA:65,1,1,1
BRF:4
BRH:2
end_of_record
TN:
SF:controllers/report.comtrollers/report_lottery_free.controller.js
FN:6,(anonymous_0)
FN:20,(anonymous_1)
FN:34,(anonymous_2)
FN:51,(anonymous_3)
FN:61,(anonymous_4)
FN:75,(anonymous_5)
FNF:6
FNH:6
FNDA:1,(anonymous_0)
FNDA:1,(anonymous_1)
FNDA:1,(anonymous_2)
FNDA:1,(anonymous_3)
FNDA:1,(anonymous_4)
FNDA:1,(anonymous_5)
DA:1,24
DA:6,24
DA:8,1
DA:10,1
DA:11,1
DA:22,1
DA:24,1
DA:28,0
DA:34,24
DA:36,1
DA:37,1
DA:38,1
DA:39,1
DA:52,1
DA:53,1
DA:57,0
DA:61,24
DA:63,1
DA:64,1
DA:65,1
DA:76,1
DA:78,0
DA:81,0
LF:23
LH:19
BRDA:22,0,0,0
BRDA:22,0,1,1
BRDA:52,1,0,0
BRDA:52,1,1,1
BRDA:76,2,0,1
BRDA:76,2,1,0
BRF:6
BRH:3
end_of_record
TN:
SF:controllers/report.comtrollers/report_lottery_sell.control.js
FN:5,(anonymous_0)
FN:30,(anonymous_1)
FN:41,(anonymous_2)
FN:59,(anonymous_3)
FNF:4
FNH:4
FNDA:1,(anonymous_0)
FNDA:1,(anonymous_1)
FNDA:1,(anonymous_2)
FNDA:1,(anonymous_3)
DA:2,24
DA:5,24
DA:6,1
DA:8,1
DA:9,1
DA:10,1
DA:11,1
DA:32,1
DA:33,1
DA:37,0
DA:41,24
DA:42,1
DA:44,1
DA:45,1
DA:61,1
DA:62,1
DA:66,0
LF:17
LH:15
BRDA:32,0,0,0
BRDA:32,0,1,1
BRDA:61,1,0,0
BRDA:61,1,1,1
BRF:4
BRH:2
end_of_record
TN:
SF:controllers/report.comtrollers/sum.own.all.controller.js
FN:6,(anonymous_0)
FN:32,(anonymous_1)
FN:42,(anonymous_2)
FN:70,(anonymous_3)
FN:80,(anonymous_4)
FN:107,(anonymous_5)
FN:118,(anonymous_6)
FN:145,(anonymous_7)
FNF:8
FNH:6
FNDA:1,(anonymous_0)
FNDA:1,(anonymous_1)
FNDA:0,(anonymous_2)
FNDA:0,(anonymous_3)
FNDA:2,(anonymous_4)
FNDA:2,(anonymous_5)
FNDA:1,(anonymous_6)
FNDA:1,(anonymous_7)
DA:2,24
DA:6,24
DA:8,1
DA:10,1
DA:11,1
DA:13,1
DA:32,1
DA:33,1
DA:35,1
DA:39,0
DA:42,24
DA:43,0
DA:45,0
DA:46,0
DA:47,0
DA:49,0
DA:70,0
DA:71,0
DA:73,0
DA:77,0
DA:80,24
DA:82,2
DA:84,2
DA:85,2
DA:86,2
DA:88,2
DA:107,2
DA:108,2
DA:110,2
DA:114,0
DA:118,24
DA:120,1
DA:122,1
DA:123,1
DA:124,1
DA:125,1
DA:127,1
DA:145,1
DA:146,1
DA:148,1
DA:152,0
LF:41
LH:29
BRDA:33,0,0,0
BRDA:33,0,1,1
BRDA:71,1,0,0
BRDA:71,1,1,0
BRDA:108,2,0,0
BRDA:108,2,1,2
BRDA:146,3,0,0
BRDA:146,3,1,1
BRF:8
BRH:3
end_of_record
TN:
SF:controllers/report.comtrollers/sum.own.some.controller.js
FN:6,(anonymous_0)
FN:30,(anonymous_1)
FN:40,(anonymous_2)
FN:65,(anonymous_3)
FN:75,(anonymous_4)
FN:102,(anonymous_5)
FN:113,(anonymous_6)
FN:141,(anonymous_7)
FNF:8
FNH:6
FNDA:1,(anonymous_0)
FNDA:1,(anonymous_1)
FNDA:0,(anonymous_2)
FNDA:0,(anonymous_3)
FNDA:2,(anonymous_4)
FNDA:2,(anonymous_5)
FNDA:1,(anonymous_6)
FNDA:1,(anonymous_7)
DA:2,24
DA:6,24
DA:8,1
DA:10,1
DA:11,1
DA:13,1
DA:30,1
DA:31,1
DA:33,1
DA:37,0
DA:40,24
DA:41,0
DA:43,0
DA:44,0
DA:45,0
DA:47,0
DA:65,0
DA:66,0
DA:68,0
DA:72,0
DA:75,24
DA:77,2
DA:79,2
DA:80,2
DA:81,2
DA:83,2
DA:102,2
DA:103,2
DA:105,2
DA:109,0
DA:113,24
DA:115,1
DA:117,1
DA:118,1
DA:119,1
DA:120,1
DA:122,1
DA:141,1
DA:142,1
DA:144,1
DA:148,0
LF:41
LH:29
BRDA:31,0,0,0
BRDA:31,0,1,1
BRDA:66,1,0,0
BRDA:66,1,1,0
BRDA:103,2,0,0
BRDA:103,2,1,2
BRDA:142,3,0,0
BRDA:142,3,1,1
BRF:8
BRH:3
end_of_record
TN:
SF:dbconfig/dbconfig.js
FNF:0
FNH:0
DA:2,24
DA:4,24
DA:12,24
LF:3
LH:3
BRF:0
BRH:0
end_of_record
TN:
SF:middlewares/upload.js
FN:4,(anonymous_0)
FN:19,(anonymous_1)
FN:23,(anonymous_2)
FNF:3
FNH:0
FNDA:0,(anonymous_0)
FNDA:0,(anonymous_1)
FNDA:0,(anonymous_2)
DA:2,24
DA:4,24
DA:5,0
DA:10,0
DA:14,0
DA:18,24
DA:20,0
DA:24,0
DA:25,0
DA:28,24
DA:29,24
LF:11
LH:5
BRDA:5,0,0,0
BRDA:5,0,1,0
BRDA:6,1,0,0
BRDA:6,1,1,0
BRF:4
BRH:0
end_of_record
TN:
SF:routes/CRUD.routes/brance.route.js
FNF:0
FNH:0
DA:2,24
DA:3,24
DA:5,24
DA:69,24
DA:97,24
DA:125,24
DA:148,24
DA:150,24
LF:8
LH:8
BRF:0
BRH:0
end_of_record
TN:
SF:routes/CRUD.routes/company.route.js
FNF:0
FNH:0
DA:2,24
DA:4,24
DA:6,24
DA:8,24
DA:9,24
DA:10,24
DA:13,24
LF:7
LH:7
BRF:0
BRH:0
end_of_record
TN:
SF:routes/CRUD.routes/installment.route.js
FNF:0
FNH:0
DA:2,24
DA:4,24
DA:6,24
DA:55,24
DA:56,24
DA:59,24
LF:6
LH:6
BRF:0
BRH:0
end_of_record
TN:
SF:routes/CRUD.routes/lottery.route.js
FNF:0
FNH:0
DA:3,24
DA:5,24
DA:7,24
DA:80,24
DA:101,24
DA:126,24
DA:151,24
DA:214,24
LF:8
LH:8
BRF:0
BRH:0
end_of_record
TN:
SF:routes/CRUD.routes/lottery_out.route.js
FNF:0
FNH:0
DA:2,24
DA:4,24
DA:6,24
DA:55,24
DA:57,24
LF:5
LH:5
BRF:0
BRH:0
end_of_record
TN:
SF:routes/CRUD.routes/move_lottery.route.js
FNF:0
FNH:0
DA:2,24
DA:4,24
DA:6,24
DA:61,24
DA:63,24
LF:5
LH:5
BRF:0
BRH:0
end_of_record
TN:
SF:routes/CRUD.routes/persent.route.js
FNF:0
FNH:0
DA:2,24
DA:4,24
DA:6,24
DA:66,24
DA:84,24
DA:86,24
LF:6
LH:6
BRF:0
BRH:0
end_of_record
TN:
SF:routes/CRUD.routes/seller.route.js
FNF:0
FNH:0
DA:2,24
DA:4,24
DA:6,24
DA:83,24
DA:104,24
DA:126,24
DA:152,24
DA:154,24
LF:8
LH:8
BRF:0
BRH:0
end_of_record
TN:
SF:routes/CRUD.routes/thork.route.js
FNF:0
FNH:0
DA:2,24
DA:4,24
DA:6,24
DA:80,24
DA:101,24
DA:122,24
DA:154,24
DA:186,24
DA:226,24
DA:227,24
LF:10
LH:10
BRF:0
BRH:0
end_of_record
TN:
SF:routes/CRUD.routes/unit.route.js
FNF:0
FNH:0
DA:1,24
DA:3,24
DA:5,24
DA:63,24
DA:90,24
DA:112,24
DA:138,24
DA:141,24
LF:8
LH:8
BRF:0
BRH:0
end_of_record
TN:
SF:routes/CRUD.routes/user.route.js
FNF:0
FNH:0
DA:2,24
DA:4,24
DA:6,24
DA:77,24
DA:103,24
DA:124,24
DA:149,24
DA:151,24
LF:8
LH:8
BRF:0
BRH:0
end_of_record
TN:
SF:routes/import.routes/sell.route.js
FNF:0
FNH:0
DA:2,24
DA:4,24
DA:6,24
DA:8,24
DA:18,24
DA:24,24
LF:6
LH:6
BRF:0
BRH:0
end_of_record
TN:
SF:routes/import.routes/win.route.js
FNF:0
FNH:0
DA:2,24
DA:4,24
DA:6,24
DA:7,24
DA:20,24
DA:34,24
DA:35,24
LF:7
LH:7
BRF:0
BRH:0
end_of_record
TN:
SF:routes/report.routes/dasboard_income_grash.route.js
FNF:0
FNH:0
DA:2,24
DA:4,24
DA:6,24
DA:36,24
DA:66,24
DA:68,24
LF:6
LH:6
BRF:0
BRH:0
end_of_record
TN:
SF:routes/report.routes/dasboard_own_grash.route.js
FNF:0
FNH:0
DA:2,24
DA:4,24
DA:6,24
DA:36,24
DA:66,24
DA:69,24
LF:6
LH:6
BRF:0
BRH:0
end_of_record
TN:
SF:routes/report.routes/get.value.sell.route.js
FNF:0
FNH:0
DA:2,24
DA:3,24
DA:4,24
DA:41,24
DA:73,24
DA:99,24
DA:131,24
DA:133,24
LF:8
LH:8
BRF:0
BRH:0
end_of_record
TN:
SF:routes/report.routes/income.route.js
FNF:0
FNH:0
DA:2,24
DA:4,24
DA:6,24
DA:37,24
DA:67,24
DA:98,24
DA:135,24
DA:166,24
DA:167,24
LF:9
LH:9
BRF:0
BRH:0
end_of_record
TN:
SF:routes/report.routes/own.all.route.js
FNF:0
FNH:0
DA:2,24
DA:4,24
DA:6,24
DA:37,24
DA:67,24
DA:98,24
DA:135,24
DA:138,24
LF:8
LH:8
BRF:0
BRH:0
end_of_record
TN:
SF:routes/report.routes/own.some.route.js
FNF:0
FNH:0
DA:2,24
DA:4,24
DA:6,24
DA:37,24
DA:67,24
DA:98,24
DA:135,24
DA:138,24
LF:8
LH:8
BRF:0
BRH:0
end_of_record
TN:
SF:routes/report.routes/report.lottery.not.sell.route.js
FNF:0
FNH:0
DA:2,24
DA:3,24
DA:4,24
DA:43,24
DA:80,24
DA:103,24
DA:105,24
LF:7
LH:7
BRF:0
BRH:0
end_of_record
TN:
SF:routes/report.routes/report.num6.route.js
FNF:0
FNH:0
DA:2,24
DA:3,24
DA:4,24
DA:6,24
DA:8,24
LF:5
LH:5
BRF:0
BRH:0
end_of_record
TN:
SF:routes/report.routes/report.selllessthan.route.js
FNF:0
FNH:0
DA:1,24
DA:3,24
DA:5,24
DA:7,24
DA:8,24
DA:10,24
LF:6
LH:6
BRF:0
BRH:0
end_of_record
TN:
SF:routes/report.routes/report_lottery_free.route.js
FNF:0
FNH:0
DA:2,24
DA:4,24
DA:6,24
DA:34,24
DA:61,24
DA:82,24
DA:84,24
LF:7
LH:7
BRF:0
BRH:0
end_of_record
TN:
SF:routes/report.routes/report_lottery_sell.route.js
FNF:0
FNH:0
DA:2,24
DA:4,24
DA:6,24
DA:50,24
DA:72,24
DA:75,24
LF:6
LH:6
BRF:0
BRH:0
end_of_record
TN:
SF:routes/report.routes/sum.own.all.route.js
FNF:0
FNH:0
DA:2,24
DA:4,24
DA:6,24
DA:37,24
DA:67,24
DA:98,24
DA:135,24
DA:138,24
LF:8
LH:8
BRF:0
BRH:0
end_of_record
TN:
SF:routes/report.routes/sum.own.some.route.js
FNF:0
FNH:0
DA:2,24
DA:4,24
DA:6,24
DA:37,24
DA:67,24
DA:98,24
DA:135,24
DA:138,24
LF:8
LH:8
BRF:0
BRH:0
end_of_record
